<?xml version="1.0" encoding="UTF-8"?>
<testsuite xmlns:xsi="http://www.w3.org/2001/XMLSchema-instance" xsi:noNamespaceSchemaLocation="https://maven.apache.org/surefire/maven-surefire-plugin/xsd/surefire-test-report-3.0.xsd" version="3.0" name="edu.neu.info5.DemoApplication.DemoApplicationTests" time="2.327" tests="1" errors="0" skipped="0" failures="0">
  <properties>
[...]
</properties>
  <testcase name="contextLoads" classname="edu.neu.info5.DemoApplication.DemoApplicationTests" time="0.627">
    <system-out><![CDATA[21:43:31.299 [main] INFO org.springframework.test.context.support.AnnotationConfigContextLoaderUtils -- Could not detect default configuration classes for test class [edu.neu.info5.DemoApplication.DemoApplicationTests]: DemoApplicationTests does not declare any static, non-private, non-final, nested classes annotated with @Configuration.
21:43:31.347 [main] INFO org.springframework.boot.test.context.SpringBootTestContextBootstrapper -- Found @SpringBootConfiguration edu.neu.info5.DemoApplication.DemoApplication for test class edu.neu.info5.DemoApplication.DemoApplicationTests

  .   ____          _            __ _ _
 /\\ / ___'_ __ _ _(_)_ __  __ _ \ \ \ \
( ( )\___ | '_ | '_| | '_ \/ _` | \ \ \ \
 \\/  ___)| |_)| | | | | || (_| |  ) ) ) )
  '  |____| .__|_| |_|_| |_\__, | / / / /
 =========|_|==============|___/=/_/_/_/
 :: Spring Boot ::                (v3.1.0)

2023-08-04T21:43:31.529-04:00  WARN 4865 --- [           main] ory$DuplicateJsonObjectContextCustomizer : 

Found multiple occurrences of org.json.JSONObject on the class path:

	jar:file:/Users/deepshah/.m2/repository/com/vaadin/external/google/android-json/0.0.20131108.vaadin1/android-json-0.0.20131108.vaadin1.jar!/org/json/JSONObject.class
	jar:file:/Users/deepshah/.m2/repository/org/json/json/20230227/json-20230227.jar!/org/json/JSONObject.class
	jar:file:/Users/deepshah/.m2/repository/org/everit/osgi/bundles/org.everit.osgi.bundles.org.json/1.0.0-v20140107/org.everit.osgi.bundles.org.json-1.0.0-v20140107.jar!/org/json/JSONObject.class

You may wish to exclude one of them to ensure predictable runtime behavior

2023-08-04T21:43:31.539-04:00  INFO 4865 --- [           main] e.n.i.D.DemoApplicationTests             : Starting DemoApplicationTests using Java 19 with PID 4865 (started by deepshah in /Users/deepshah/Desktop/Northeastern/Summer 2023/INFO_7255)
2023-08-04T21:43:31.540-04:00  INFO 4865 --- [           main] e.n.i.D.DemoApplicationTests             : No active profile set, falling back to 1 default profile: "default"
2023-08-04T21:43:31.847-04:00  INFO 4865 --- [           main] .s.d.r.c.RepositoryConfigurationDelegate : Multiple Spring Data modules found, entering strict repository configuration mode
2023-08-04T21:43:31.848-04:00  INFO 4865 --- [           main] .s.d.r.c.RepositoryConfigurationDelegate : Bootstrapping Spring Data Elasticsearch repositories in DEFAULT mode.
2023-08-04T21:43:31.858-04:00  INFO 4865 --- [           main] .s.d.r.c.RepositoryConfigurationDelegate : Finished Spring Data repository scanning in 8 ms. Found 0 Elasticsearch repository interfaces.
2023-08-04T21:43:31.865-04:00  INFO 4865 --- [           main] .s.d.r.c.RepositoryConfigurationDelegate : Multiple Spring Data modules found, entering strict repository configuration mode
2023-08-04T21:43:31.866-04:00  INFO 4865 --- [           main] .s.d.r.c.RepositoryConfigurationDelegate : Bootstrapping Spring Data Redis repositories in DEFAULT mode.
2023-08-04T21:43:31.872-04:00  INFO 4865 --- [           main] .s.d.r.c.RepositoryConfigurationDelegate : Finished Spring Data repository scanning in 1 ms. Found 0 Redis repository interfaces.
2023-08-04T21:43:32.463-04:00  WARN 4865 --- [           main] o.s.data.convert.CustomConversions       : Registering converter from class org.springframework.data.geo.Point to interface java.util.Map as writing converter although it doesn't convert to a store-supported type; You might want to check your annotation setup at the converter implementation
2023-08-04T21:43:32.463-04:00  WARN 4865 --- [           main] o.s.data.convert.CustomConversions       : Registering converter from interface java.util.Map to class org.springframework.data.geo.Point as reading converter although it doesn't convert from a store-supported type; You might want to check your annotation setup at the converter implementation
2023-08-04T21:43:32.463-04:00  WARN 4865 --- [           main] o.s.data.convert.CustomConversions       : Registering converter from class org.springframework.data.elasticsearch.core.geo.GeoPoint to interface java.util.Map as writing converter although it doesn't convert to a store-supported type; You might want to check your annotation setup at the converter implementation
2023-08-04T21:43:32.463-04:00  WARN 4865 --- [           main] o.s.data.convert.CustomConversions       : Registering converter from interface java.util.Map to class org.springframework.data.elasticsearch.core.geo.GeoPoint as reading converter although it doesn't convert from a store-supported type; You might want to check your annotation setup at the converter implementation
2023-08-04T21:43:32.463-04:00  WARN 4865 --- [           main] o.s.data.convert.CustomConversions       : Registering converter from interface org.springframework.data.elasticsearch.core.geo.GeoJson to interface java.util.Map as writing converter although it doesn't convert to a store-supported type; You might want to check your annotation setup at the converter implementation
2023-08-04T21:43:32.463-04:00  WARN 4865 --- [           main] o.s.data.convert.CustomConversions       : Registering converter from interface java.util.Map to interface org.springframework.data.elasticsearch.core.geo.GeoJson as reading converter although it doesn't convert from a store-supported type; You might want to check your annotation setup at the converter implementation
2023-08-04T21:43:32.463-04:00  WARN 4865 --- [           main] o.s.data.convert.CustomConversions       : Registering converter from class org.springframework.data.elasticsearch.core.geo.GeoJsonPoint to interface java.util.Map as writing converter although it doesn't convert to a store-supported type; You might want to check your annotation setup at the converter implementation
2023-08-04T21:43:32.463-04:00  WARN 4865 --- [           main] o.s.data.convert.CustomConversions       : Registering converter from interface java.util.Map to class org.springframework.data.elasticsearch.core.geo.GeoJsonPoint as reading converter although it doesn't convert from a store-supported type; You might want to check your annotation setup at the converter implementation
2023-08-04T21:43:32.463-04:00  WARN 4865 --- [           main] o.s.data.convert.CustomConversions       : Registering converter from class org.springframework.data.elasticsearch.core.geo.GeoJsonMultiPoint to interface java.util.Map as writing converter although it doesn't convert to a store-supported type; You might want to check your annotation setup at the converter implementation
2023-08-04T21:43:32.463-04:00  WARN 4865 --- [           main] o.s.data.convert.CustomConversions       : Registering converter from interface java.util.Map to class org.springframework.data.elasticsearch.core.geo.GeoJsonMultiPoint as reading converter although it doesn't convert from a store-supported type; You might want to check your annotation setup at the converter implementation
2023-08-04T21:43:32.463-04:00  WARN 4865 --- [           main] o.s.data.convert.CustomConversions       : Registering converter from class org.springframework.data.elasticsearch.core.geo.GeoJsonLineString to interface java.util.Map as writing converter although it doesn't convert to a store-supported type; You might want to check your annotation setup at the converter implementation
2023-08-04T21:43:32.463-04:00  WARN 4865 --- [           main] o.s.data.convert.CustomConversions       : Registering converter from interface java.util.Map to class org.springframework.data.elasticsearch.core.geo.GeoJsonLineString as reading converter although it doesn't convert from a store-supported type; You might want to check your annotation setup at the converter implementation
2023-08-04T21:43:32.464-04:00  WARN 4865 --- [           main] o.s.data.convert.CustomConversions       : Registering converter from class org.springframework.data.elasticsearch.core.geo.GeoJsonMultiLineString to interface java.util.Map as writing converter although it doesn't convert to a store-supported type; You might want to check your annotation setup at the converter implementation
2023-08-04T21:43:32.464-04:00  WARN 4865 --- [           main] o.s.data.convert.CustomConversions       : Registering converter from interface java.util.Map to class org.springframework.data.elasticsearch.core.geo.GeoJsonMultiLineString as reading converter although it doesn't convert from a store-supported type; You might want to check your annotation setup at the converter implementation
2023-08-04T21:43:32.464-04:00  WARN 4865 --- [           main] o.s.data.convert.CustomConversions       : Registering converter from class org.springframework.data.elasticsearch.core.geo.GeoJsonPolygon to interface java.util.Map as writing converter although it doesn't convert to a store-supported type; You might want to check your annotation setup at the converter implementation
2023-08-04T21:43:32.464-04:00  WARN 4865 --- [           main] o.s.data.convert.CustomConversions       : Registering converter from interface java.util.Map to class org.springframework.data.elasticsearch.core.geo.GeoJsonPolygon as reading converter although it doesn't convert from a store-supported type; You might want to check your annotation setup at the converter implementation
2023-08-04T21:43:32.464-04:00  WARN 4865 --- [           main] o.s.data.convert.CustomConversions       : Registering converter from class org.springframework.data.elasticsearch.core.geo.GeoJsonMultiPolygon to interface java.util.Map as writing converter although it doesn't convert to a store-supported type; You might want to check your annotation setup at the converter implementation
2023-08-04T21:43:32.464-04:00  WARN 4865 --- [           main] o.s.data.convert.CustomConversions       : Registering converter from interface java.util.Map to class org.springframework.data.elasticsearch.core.geo.GeoJsonMultiPolygon as reading converter although it doesn't convert from a store-supported type; You might want to check your annotation setup at the converter implementation
2023-08-04T21:43:32.464-04:00  WARN 4865 --- [           main] o.s.data.convert.CustomConversions       : Registering converter from class org.springframework.data.elasticsearch.core.geo.GeoJsonGeometryCollection to interface java.util.Map as writing converter although it doesn't convert to a store-supported type; You might want to check your annotation setup at the converter implementation
2023-08-04T21:43:32.464-04:00  WARN 4865 --- [           main] o.s.data.convert.CustomConversions       : Registering converter from interface java.util.Map to class org.springframework.data.elasticsearch.core.geo.GeoJsonGeometryCollection as reading converter although it doesn't convert from a store-supported type; You might want to check your annotation setup at the converter implementation
2023-08-04T21:43:32.513-04:00  WARN 4865 --- [           main] org.elasticsearch.client.RestClient      : request [GET http://localhost:9200/] returned 1 warnings: [299 Elasticsearch-7.17.12-e3b0c3d3c5c130e1dc6d567d6baef1c73eeb2059 "Elasticsearch built-in security features are not enabled. Without authentication, your cluster could be accessible to anyone. See https://www.elastic.co/guide/en/elasticsearch/reference/7.17/security-minimal-setup.html to enable security."]
2023-08-04T21:43:32.532-04:00  INFO 4865 --- [           main] o.s.d.elasticsearch.support.VersionInfo  : Version Spring Data Elasticsearch: 4.1.3
2023-08-04T21:43:32.533-04:00  INFO 4865 --- [           main] o.s.d.elasticsearch.support.VersionInfo  : Version Elasticsearch Client in build: 7.9.3
2023-08-04T21:43:32.533-04:00  INFO 4865 --- [           main] o.s.d.elasticsearch.support.VersionInfo  : Version Elasticsearch Client used: 7.9.3
2023-08-04T21:43:32.533-04:00  INFO 4865 --- [           main] o.s.d.elasticsearch.support.VersionInfo  : Version Elasticsearch cluster: 7.17.12
2023-08-04T21:43:32.533-04:00  WARN 4865 --- [           main] o.s.d.elasticsearch.support.VersionInfo  : Version mismatch in between Elasticsearch Client and Cluster: 7.9.3 - 7.17.12
2023-08-04T21:43:32.808-04:00  INFO 4865 --- [           main] o.s.a.r.c.CachingConnectionFactory       : Attempting to connect to: [localhost:5672]
2023-08-04T21:43:32.861-04:00  INFO 4865 --- [           main] o.s.a.r.c.CachingConnectionFactory       : Created new connection: rabbitConnectionFactory#71cea1b8:0/SimpleConnection@5c79c5ec [delegate=amqp://guest@127.0.0.1:5672/, localPort=65203]
2023-08-04T21:43:32.865-04:00  INFO 4865 --- [           main] o.s.amqp.rabbit.core.RabbitAdmin         : Auto-declaring a non-durable, auto-delete, or exclusive Queue (indexing-queue) durable:false, auto-delete:false, exclusive:false. It will be redeclared if the broker stops and is restarted while the connection factory is alive, but all messages will be lost.
Message received: {body={"mapType":"class java.util.HashMap","empty":false}, operation=SAVE}
2023-08-04T21:43:32.899-04:00  INFO 4865 --- [           main] e.n.i.D.DemoApplicationTests             : Started DemoApplicationTests in 1.489 seconds (process running for 2.001)
2023-08-04T21:43:32.905-04:00  WARN 4865 --- [    container-1] org.elasticsearch.client.RestClient      : request [HEAD http://localhost:9200/plan-index?ignore_throttled=false&ignore_unavailable=false&expand_wildcards=open%2Cclosed&allow_no_indices=false] returned 2 warnings: [299 Elasticsearch-7.17.12-e3b0c3d3c5c130e1dc6d567d6baef1c73eeb2059 "Elasticsearch built-in security features are not enabled. Without authentication, your cluster could be accessible to anyone. See https://www.elastic.co/guide/en/elasticsearch/reference/7.17/security-minimal-setup.html to enable security."],[299 Elasticsearch-7.17.12-e3b0c3d3c5c130e1dc6d567d6baef1c73eeb2059 "[ignore_throttled] parameter is deprecated because frozen indices have been deprecated. Consider cold or frozen tiers in place of frozen indices."]
2023-08-04T21:43:32.906-04:00  WARN 4865 --- [    container-1] s.a.r.l.ConditionalRejectingErrorHandler : Execution of Rabbit message listener failed.

org.springframework.amqp.rabbit.support.ListenerExecutionFailedException: Listener method 'receiveMessage' threw exception
	at org.springframework.amqp.rabbit.listener.adapter.MessageListenerAdapter.invokeListenerMethod(MessageListenerAdapter.java:374) ~[spring-rabbit-3.0.4.jar:3.0.4]
	at org.springframework.amqp.rabbit.listener.adapter.MessageListenerAdapter.onMessage(MessageListenerAdapter.java:293) ~[spring-rabbit-3.0.4.jar:3.0.4]
	at org.springframework.amqp.rabbit.listener.AbstractMessageListenerContainer.doInvokeListener(AbstractMessageListenerContainer.java:1719) ~[spring-rabbit-3.0.4.jar:3.0.4]
	at org.springframework.amqp.rabbit.listener.AbstractMessageListenerContainer.actualInvokeListener(AbstractMessageListenerContainer.java:1638) ~[spring-rabbit-3.0.4.jar:3.0.4]
	at org.springframework.amqp.rabbit.listener.AbstractMessageListenerContainer.invokeListener(AbstractMessageListenerContainer.java:1626) ~[spring-rabbit-3.0.4.jar:3.0.4]
	at org.springframework.amqp.rabbit.listener.AbstractMessageListenerContainer.doExecuteListener(AbstractMessageListenerContainer.java:1617) ~[spring-rabbit-3.0.4.jar:3.0.4]
	at org.springframework.amqp.rabbit.listener.AbstractMessageListenerContainer.executeListenerAndHandleException(AbstractMessageListenerContainer.java:1562) ~[spring-rabbit-3.0.4.jar:3.0.4]
	at org.springframework.amqp.rabbit.listener.AbstractMessageListenerContainer.lambda$executeListener$8(AbstractMessageListenerContainer.java:1541) ~[spring-rabbit-3.0.4.jar:3.0.4]
	at io.micrometer.observation.Observation.lambda$observe$0(Observation.java:493) ~[micrometer-observation-1.11.0.jar:1.11.0]
	at io.micrometer.observation.Observation.observeWithContext(Observation.java:603) ~[micrometer-observation-1.11.0.jar:1.11.0]
	at io.micrometer.observation.Observation.observe(Observation.java:492) ~[micrometer-observation-1.11.0.jar:1.11.0]
	at org.springframework.amqp.rabbit.listener.AbstractMessageListenerContainer.executeListener(AbstractMessageListenerContainer.java:1541) ~[spring-rabbit-3.0.4.jar:3.0.4]
	at org.springframework.amqp.rabbit.listener.SimpleMessageListenerContainer.doReceiveAndExecute(SimpleMessageListenerContainer.java:1001) ~[spring-rabbit-3.0.4.jar:3.0.4]
	at org.springframework.amqp.rabbit.listener.SimpleMessageListenerContainer.receiveAndExecute(SimpleMessageListenerContainer.java:948) ~[spring-rabbit-3.0.4.jar:3.0.4]
	at org.springframework.amqp.rabbit.listener.SimpleMessageListenerContainer$AsyncMessageProcessingConsumer.mainLoop(SimpleMessageListenerContainer.java:1326) ~[spring-rabbit-3.0.4.jar:3.0.4]
	at org.springframework.amqp.rabbit.listener.SimpleMessageListenerContainer$AsyncMessageProcessingConsumer.run(SimpleMessageListenerContainer.java:1232) ~[spring-rabbit-3.0.4.jar:3.0.4]
	at java.base/java.lang.Thread.run(Thread.java:1589) ~[na:na]
Caused by: org.json.JSONException: No value for objectType
	at org.json.JSONObject.get(JSONObject.java:355) ~[android-json-0.0.20131108.vaadin1.jar:0.0.20131108.vaadin1]
	at edu.neu.info5.DemoApplication.service.IndexingListener.convertMapToDocumentIndex(IndexingListener.java:152) ~[classes/:na]
	at edu.neu.info5.DemoApplication.service.IndexingListener.postDocument(IndexingListener.java:73) ~[classes/:na]
	at edu.neu.info5.DemoApplication.service.IndexingListener.receiveMessage(IndexingListener.java:51) ~[classes/:na]
	at java.base/jdk.internal.reflect.DirectMethodHandleAccessor.invoke(DirectMethodHandleAccessor.java:104) ~[na:na]
	at java.base/java.lang.reflect.Method.invoke(Method.java:578) ~[na:na]
	at org.springframework.util.MethodInvoker.invoke(MethodInvoker.java:283) ~[spring-core-6.0.9.jar:6.0.9]
	at org.springframework.amqp.rabbit.listener.adapter.MessageListenerAdapter.invokeListenerMethod(MessageListenerAdapter.java:366) ~[spring-rabbit-3.0.4.jar:3.0.4]
	... 16 common frames omitted

Message received: {body={"mapType":"class java.util.HashMap","empty":false}, operation=SAVE}
2023-08-04T21:43:32.927-04:00  WARN 4865 --- [    container-1] org.elasticsearch.client.RestClient      : request [HEAD http://localhost:9200/plan-index?ignore_throttled=false&ignore_unavailable=false&expand_wildcards=open%2Cclosed&allow_no_indices=false] returned 2 warnings: [299 Elasticsearch-7.17.12-e3b0c3d3c5c130e1dc6d567d6baef1c73eeb2059 "Elasticsearch built-in security features are not enabled. Without authentication, your cluster could be accessible to anyone. See https://www.elastic.co/guide/en/elasticsearch/reference/7.17/security-minimal-setup.html to enable security."],[299 Elasticsearch-7.17.12-e3b0c3d3c5c130e1dc6d567d6baef1c73eeb2059 "[ignore_throttled] parameter is deprecated because frozen indices have been deprecated. Consider cold or frozen tiers in place of frozen indices."]
2023-08-04T21:43:32.927-04:00  WARN 4865 --- [    container-1] s.a.r.l.ConditionalRejectingErrorHandler : Execution of Rabbit message listener failed.

org.springframework.amqp.rabbit.support.ListenerExecutionFailedException: Listener method 'receiveMessage' threw exception
	at org.springframework.amqp.rabbit.listener.adapter.MessageListenerAdapter.invokeListenerMethod(MessageListenerAdapter.java:374) ~[spring-rabbit-3.0.4.jar:3.0.4]
	at org.springframework.amqp.rabbit.listener.adapter.MessageListenerAdapter.onMessage(MessageListenerAdapter.java:293) ~[spring-rabbit-3.0.4.jar:3.0.4]
	at org.springframework.amqp.rabbit.listener.AbstractMessageListenerContainer.doInvokeListener(AbstractMessageListenerContainer.java:1719) ~[spring-rabbit-3.0.4.jar:3.0.4]
	at org.springframework.amqp.rabbit.listener.AbstractMessageListenerContainer.actualInvokeListener(AbstractMessageListenerContainer.java:1638) ~[spring-rabbit-3.0.4.jar:3.0.4]
	at org.springframework.amqp.rabbit.listener.AbstractMessageListenerContainer.invokeListener(AbstractMessageListenerContainer.java:1626) ~[spring-rabbit-3.0.4.jar:3.0.4]
	at org.springframework.amqp.rabbit.listener.AbstractMessageListenerContainer.doExecuteListener(AbstractMessageListenerContainer.java:1617) ~[spring-rabbit-3.0.4.jar:3.0.4]
	at org.springframework.amqp.rabbit.listener.AbstractMessageListenerContainer.executeListenerAndHandleException(AbstractMessageListenerContainer.java:1562) ~[spring-rabbit-3.0.4.jar:3.0.4]
	at org.springframework.amqp.rabbit.listener.AbstractMessageListenerContainer.lambda$executeListener$8(AbstractMessageListenerContainer.java:1541) ~[spring-rabbit-3.0.4.jar:3.0.4]
	at io.micrometer.observation.Observation.lambda$observe$0(Observation.java:493) ~[micrometer-observation-1.11.0.jar:1.11.0]
	at io.micrometer.observation.Observation.observeWithContext(Observation.java:603) ~[micrometer-observation-1.11.0.jar:1.11.0]
	at io.micrometer.observation.Observation.observe(Observation.java:492) ~[micrometer-observation-1.11.0.jar:1.11.0]
	at org.springframework.amqp.rabbit.listener.AbstractMessageListenerContainer.executeListener(AbstractMessageListenerContainer.java:1541) ~[spring-rabbit-3.0.4.jar:3.0.4]
	at org.springframework.amqp.rabbit.listener.SimpleMessageListenerContainer.doReceiveAndExecute(SimpleMessageListenerContainer.java:1001) ~[spring-rabbit-3.0.4.jar:3.0.4]
	at org.springframework.amqp.rabbit.listener.SimpleMessageListenerContainer.receiveAndExecute(SimpleMessageListenerContainer.java:948) ~[spring-rabbit-3.0.4.jar:3.0.4]
	at org.springframework.amqp.rabbit.listener.SimpleMessageListenerContainer$AsyncMessageProcessingConsumer.mainLoop(SimpleMessageListenerContainer.java:1326) ~[spring-rabbit-3.0.4.jar:3.0.4]
	at org.springframework.amqp.rabbit.listener.SimpleMessageListenerContainer$AsyncMessageProcessingConsumer.run(SimpleMessageListenerContainer.java:1232) ~[spring-rabbit-3.0.4.jar:3.0.4]
	at java.base/java.lang.Thread.run(Thread.java:1589) ~[na:na]
Caused by: org.json.JSONException: No value for objectType
	at org.json.JSONObject.get(JSONObject.java:355) ~[android-json-0.0.20131108.vaadin1.jar:0.0.20131108.vaadin1]
	at edu.neu.info5.DemoApplication.service.IndexingListener.convertMapToDocumentIndex(IndexingListener.java:152) ~[classes/:na]
	at edu.neu.info5.DemoApplication.service.IndexingListener.postDocument(IndexingListener.java:73) ~[classes/:na]
	at edu.neu.info5.DemoApplication.service.IndexingListener.receiveMessage(IndexingListener.java:51) ~[classes/:na]
	at java.base/jdk.internal.reflect.DirectMethodHandleAccessor.invoke(DirectMethodHandleAccessor.java:104) ~[na:na]
	at java.base/java.lang.reflect.Method.invoke(Method.java:578) ~[na:na]
	at org.springframework.util.MethodInvoker.invoke(MethodInvoker.java:283) ~[spring-core-6.0.9.jar:6.0.9]
	at org.springframework.amqp.rabbit.listener.adapter.MessageListenerAdapter.invokeListenerMethod(MessageListenerAdapter.java:366) ~[spring-rabbit-3.0.4.jar:3.0.4]
	... 16 common frames omitted

Message received: {body={"mapType":"class java.util.HashMap","empty":false}, operation=SAVE}
2023-08-04T21:43:32.931-04:00  WARN 4865 --- [    container-1] org.elasticsearch.client.RestClient      : request [HEAD http://localhost:9200/plan-index?ignore_throttled=false&ignore_unavailable=false&expand_wildcards=open%2Cclosed&allow_no_indices=false] returned 2 warnings: [299 Elasticsearch-7.17.12-e3b0c3d3c5c130e1dc6d567d6baef1c73eeb2059 "Elasticsearch built-in security features are not enabled. Without authentication, your cluster could be accessible to anyone. See https://www.elastic.co/guide/en/elasticsearch/reference/7.17/security-minimal-setup.html to enable security."],[299 Elasticsearch-7.17.12-e3b0c3d3c5c130e1dc6d567d6baef1c73eeb2059 "[ignore_throttled] parameter is deprecated because frozen indices have been deprecated. Consider cold or frozen tiers in place of frozen indices."]
2023-08-04T21:43:32.931-04:00  WARN 4865 --- [    container-1] s.a.r.l.ConditionalRejectingErrorHandler : Execution of Rabbit message listener failed.

org.springframework.amqp.rabbit.support.ListenerExecutionFailedException: Listener method 'receiveMessage' threw exception
	at org.springframework.amqp.rabbit.listener.adapter.MessageListenerAdapter.invokeListenerMethod(MessageListenerAdapter.java:374) ~[spring-rabbit-3.0.4.jar:3.0.4]
	at org.springframework.amqp.rabbit.listener.adapter.MessageListenerAdapter.onMessage(MessageListenerAdapter.java:293) ~[spring-rabbit-3.0.4.jar:3.0.4]
	at org.springframework.amqp.rabbit.listener.AbstractMessageListenerContainer.doInvokeListener(AbstractMessageListenerContainer.java:1719) ~[spring-rabbit-3.0.4.jar:3.0.4]
	at org.springframework.amqp.rabbit.listener.AbstractMessageListenerContainer.actualInvokeListener(AbstractMessageListenerContainer.java:1638) ~[spring-rabbit-3.0.4.jar:3.0.4]
	at org.springframework.amqp.rabbit.listener.AbstractMessageListenerContainer.invokeListener(AbstractMessageListenerContainer.java:1626) ~[spring-rabbit-3.0.4.jar:3.0.4]
	at org.springframework.amqp.rabbit.listener.AbstractMessageListenerContainer.doExecuteListener(AbstractMessageListenerContainer.java:1617) ~[spring-rabbit-3.0.4.jar:3.0.4]
	at org.springframework.amqp.rabbit.listener.AbstractMessageListenerContainer.executeListenerAndHandleException(AbstractMessageListenerContainer.java:1562) ~[spring-rabbit-3.0.4.jar:3.0.4]
	at org.springframework.amqp.rabbit.listener.AbstractMessageListenerContainer.lambda$executeListener$8(AbstractMessageListenerContainer.java:1541) ~[spring-rabbit-3.0.4.jar:3.0.4]
	at io.micrometer.observation.Observation.lambda$observe$0(Observation.java:493) ~[micrometer-observation-1.11.0.jar:1.11.0]
	at io.micrometer.observation.Observation.observeWithContext(Observation.java:603) ~[micrometer-observation-1.11.0.jar:1.11.0]
	at io.micrometer.observation.Observation.observe(Observation.java:492) ~[micrometer-observation-1.11.0.jar:1.11.0]
	at org.springframework.amqp.rabbit.listener.AbstractMessageListenerContainer.executeListener(AbstractMessageListenerContainer.java:1541) ~[spring-rabbit-3.0.4.jar:3.0.4]
	at org.springframework.amqp.rabbit.listener.SimpleMessageListenerContainer.doReceiveAndExecute(SimpleMessageListenerContainer.java:1001) ~[spring-rabbit-3.0.4.jar:3.0.4]
	at org.springframework.amqp.rabbit.listener.SimpleMessageListenerContainer.receiveAndExecute(SimpleMessageListenerContainer.java:948) ~[spring-rabbit-3.0.4.jar:3.0.4]
	at org.springframework.amqp.rabbit.listener.SimpleMessageListenerContainer$AsyncMessageProcessingConsumer.mainLoop(SimpleMessageListenerContainer.java:1326) ~[spring-rabbit-3.0.4.jar:3.0.4]
	at org.springframework.amqp.rabbit.listener.SimpleMessageListenerContainer$AsyncMessageProcessingConsumer.run(SimpleMessageListenerContainer.java:1232) ~[spring-rabbit-3.0.4.jar:3.0.4]
	at java.base/java.lang.Thread.run(Thread.java:1589) ~[na:na]
Caused by: org.json.JSONException: No value for objectType
	at org.json.JSONObject.get(JSONObject.java:355) ~[android-json-0.0.20131108.vaadin1.jar:0.0.20131108.vaadin1]
	at edu.neu.info5.DemoApplication.service.IndexingListener.convertMapToDocumentIndex(IndexingListener.java:152) ~[classes/:na]
	at edu.neu.info5.DemoApplication.service.IndexingListener.postDocument(IndexingListener.java:73) ~[classes/:na]
	at edu.neu.info5.DemoApplication.service.IndexingListener.receiveMessage(IndexingListener.java:51) ~[classes/:na]
	at java.base/jdk.internal.reflect.DirectMethodHandleAccessor.invoke(DirectMethodHandleAccessor.java:104) ~[na:na]
	at java.base/java.lang.reflect.Method.invoke(Method.java:578) ~[na:na]
	at org.springframework.util.MethodInvoker.invoke(MethodInvoker.java:283) ~[spring-core-6.0.9.jar:6.0.9]
	at org.springframework.amqp.rabbit.listener.adapter.MessageListenerAdapter.invokeListenerMethod(MessageListenerAdapter.java:366) ~[spring-rabbit-3.0.4.jar:3.0.4]
	... 16 common frames omitted

Message received: {body={"mapType":"class java.util.HashMap","empty":false}, operation=SAVE}
2023-08-04T21:43:32.934-04:00  WARN 4865 --- [    container-1] org.elasticsearch.client.RestClient      : request [HEAD http://localhost:9200/plan-index?ignore_throttled=false&ignore_unavailable=false&expand_wildcards=open%2Cclosed&allow_no_indices=false] returned 2 warnings: [299 Elasticsearch-7.17.12-e3b0c3d3c5c130e1dc6d567d6baef1c73eeb2059 "Elasticsearch built-in security features are not enabled. Without authentication, your cluster could be accessible to anyone. See https://www.elastic.co/guide/en/elasticsearch/reference/7.17/security-minimal-setup.html to enable security."],[299 Elasticsearch-7.17.12-e3b0c3d3c5c130e1dc6d567d6baef1c73eeb2059 "[ignore_throttled] parameter is deprecated because frozen indices have been deprecated. Consider cold or frozen tiers in place of frozen indices."]
2023-08-04T21:43:32.934-04:00  WARN 4865 --- [    container-1] s.a.r.l.ConditionalRejectingErrorHandler : Execution of Rabbit message listener failed.

org.springframework.amqp.rabbit.support.ListenerExecutionFailedException: Listener method 'receiveMessage' threw exception
	at org.springframework.amqp.rabbit.listener.adapter.MessageListenerAdapter.invokeListenerMethod(MessageListenerAdapter.java:374) ~[spring-rabbit-3.0.4.jar:3.0.4]
	at org.springframework.amqp.rabbit.listener.adapter.MessageListenerAdapter.onMessage(MessageListenerAdapter.java:293) ~[spring-rabbit-3.0.4.jar:3.0.4]
	at org.springframework.amqp.rabbit.listener.AbstractMessageListenerContainer.doInvokeListener(AbstractMessageListenerContainer.java:1719) ~[spring-rabbit-3.0.4.jar:3.0.4]
	at org.springframework.amqp.rabbit.listener.AbstractMessageListenerContainer.actualInvokeListener(AbstractMessageListenerContainer.java:1638) ~[spring-rabbit-3.0.4.jar:3.0.4]
	at org.springframework.amqp.rabbit.listener.AbstractMessageListenerContainer.invokeListener(AbstractMessageListenerContainer.java:1626) ~[spring-rabbit-3.0.4.jar:3.0.4]
	at org.springframework.amqp.rabbit.listener.AbstractMessageListenerContainer.doExecuteListener(AbstractMessageListenerContainer.java:1617) ~[spring-rabbit-3.0.4.jar:3.0.4]
	at org.springframework.amqp.rabbit.listener.AbstractMessageListenerContainer.executeListenerAndHandleException(AbstractMessageListenerContainer.java:1562) ~[spring-rabbit-3.0.4.jar:3.0.4]
	at org.springframework.amqp.rabbit.listener.AbstractMessageListenerContainer.lambda$executeListener$8(AbstractMessageListenerContainer.java:1541) ~[spring-rabbit-3.0.4.jar:3.0.4]
	at io.micrometer.observation.Observation.lambda$observe$0(Observation.java:493) ~[micrometer-observation-1.11.0.jar:1.11.0]
	at io.micrometer.observation.Observation.observeWithContext(Observation.java:603) ~[micrometer-observation-1.11.0.jar:1.11.0]
	at io.micrometer.observation.Observation.observe(Observation.java:492) ~[micrometer-observation-1.11.0.jar:1.11.0]
	at org.springframework.amqp.rabbit.listener.AbstractMessageListenerContainer.executeListener(AbstractMessageListenerContainer.java:1541) ~[spring-rabbit-3.0.4.jar:3.0.4]
	at org.springframework.amqp.rabbit.listener.SimpleMessageListenerContainer.doReceiveAndExecute(SimpleMessageListenerContainer.java:1001) ~[spring-rabbit-3.0.4.jar:3.0.4]
	at org.springframework.amqp.rabbit.listener.SimpleMessageListenerContainer.receiveAndExecute(SimpleMessageListenerContainer.java:948) ~[spring-rabbit-3.0.4.jar:3.0.4]
	at org.springframework.amqp.rabbit.listener.SimpleMessageListenerContainer$AsyncMessageProcessingConsumer.mainLoop(SimpleMessageListenerContainer.java:1326) ~[spring-rabbit-3.0.4.jar:3.0.4]
	at org.springframework.amqp.rabbit.listener.SimpleMessageListenerContainer$AsyncMessageProcessingConsumer.run(SimpleMessageListenerContainer.java:1232) ~[spring-rabbit-3.0.4.jar:3.0.4]
	at java.base/java.lang.Thread.run(Thread.java:1589) ~[na:na]
Caused by: org.json.JSONException: No value for objectType
	at org.json.JSONObject.get(JSONObject.java:355) ~[android-json-0.0.20131108.vaadin1.jar:0.0.20131108.vaadin1]
	at edu.neu.info5.DemoApplication.service.IndexingListener.convertMapToDocumentIndex(IndexingListener.java:152) ~[classes/:na]
	at edu.neu.info5.DemoApplication.service.IndexingListener.postDocument(IndexingListener.java:73) ~[classes/:na]
	at edu.neu.info5.DemoApplication.service.IndexingListener.receiveMessage(IndexingListener.java:51) ~[classes/:na]
	at java.base/jdk.internal.reflect.DirectMethodHandleAccessor.invoke(DirectMethodHandleAccessor.java:104) ~[na:na]
	at java.base/java.lang.reflect.Method.invoke(Method.java:578) ~[na:na]
	at org.springframework.util.MethodInvoker.invoke(MethodInvoker.java:283) ~[spring-core-6.0.9.jar:6.0.9]
	at org.springframework.amqp.rabbit.listener.adapter.MessageListenerAdapter.invokeListenerMethod(MessageListenerAdapter.java:366) ~[spring-rabbit-3.0.4.jar:3.0.4]
	... 16 common frames omitted

Message received: {body={"mapType":"class java.util.HashMap","empty":false}, operation=SAVE}
2023-08-04T21:43:32.938-04:00  WARN 4865 --- [    container-1] org.elasticsearch.client.RestClient      : request [HEAD http://localhost:9200/plan-index?ignore_throttled=false&ignore_unavailable=false&expand_wildcards=open%2Cclosed&allow_no_indices=false] returned 2 warnings: [299 Elasticsearch-7.17.12-e3b0c3d3c5c130e1dc6d567d6baef1c73eeb2059 "Elasticsearch built-in security features are not enabled. Without authentication, your cluster could be accessible to anyone. See https://www.elastic.co/guide/en/elasticsearch/reference/7.17/security-minimal-setup.html to enable security."],[299 Elasticsearch-7.17.12-e3b0c3d3c5c130e1dc6d567d6baef1c73eeb2059 "[ignore_throttled] parameter is deprecated because frozen indices have been deprecated. Consider cold or frozen tiers in place of frozen indices."]
2023-08-04T21:43:32.938-04:00  WARN 4865 --- [    container-1] s.a.r.l.ConditionalRejectingErrorHandler : Execution of Rabbit message listener failed.

org.springframework.amqp.rabbit.support.ListenerExecutionFailedException: Listener method 'receiveMessage' threw exception
	at org.springframework.amqp.rabbit.listener.adapter.MessageListenerAdapter.invokeListenerMethod(MessageListenerAdapter.java:374) ~[spring-rabbit-3.0.4.jar:3.0.4]
	at org.springframework.amqp.rabbit.listener.adapter.MessageListenerAdapter.onMessage(MessageListenerAdapter.java:293) ~[spring-rabbit-3.0.4.jar:3.0.4]
	at org.springframework.amqp.rabbit.listener.AbstractMessageListenerContainer.doInvokeListener(AbstractMessageListenerContainer.java:1719) ~[spring-rabbit-3.0.4.jar:3.0.4]
	at org.springframework.amqp.rabbit.listener.AbstractMessageListenerContainer.actualInvokeListener(AbstractMessageListenerContainer.java:1638) ~[spring-rabbit-3.0.4.jar:3.0.4]
	at org.springframework.amqp.rabbit.listener.AbstractMessageListenerContainer.invokeListener(AbstractMessageListenerContainer.java:1626) ~[spring-rabbit-3.0.4.jar:3.0.4]
	at org.springframework.amqp.rabbit.listener.AbstractMessageListenerContainer.doExecuteListener(AbstractMessageListenerContainer.java:1617) ~[spring-rabbit-3.0.4.jar:3.0.4]
	at org.springframework.amqp.rabbit.listener.AbstractMessageListenerContainer.executeListenerAndHandleException(AbstractMessageListenerContainer.java:1562) ~[spring-rabbit-3.0.4.jar:3.0.4]
	at org.springframework.amqp.rabbit.listener.AbstractMessageListenerContainer.lambda$executeListener$8(AbstractMessageListenerContainer.java:1541) ~[spring-rabbit-3.0.4.jar:3.0.4]
	at io.micrometer.observation.Observation.lambda$observe$0(Observation.java:493) ~[micrometer-observation-1.11.0.jar:1.11.0]
	at io.micrometer.observation.Observation.observeWithContext(Observation.java:603) ~[micrometer-observation-1.11.0.jar:1.11.0]
	at io.micrometer.observation.Observation.observe(Observation.java:492) ~[micrometer-observation-1.11.0.jar:1.11.0]
	at org.springframework.amqp.rabbit.listener.AbstractMessageListenerContainer.executeListener(AbstractMessageListenerContainer.java:1541) ~[spring-rabbit-3.0.4.jar:3.0.4]
	at org.springframework.amqp.rabbit.listener.SimpleMessageListenerContainer.doReceiveAndExecute(SimpleMessageListenerContainer.java:1001) ~[spring-rabbit-3.0.4.jar:3.0.4]
	at org.springframework.amqp.rabbit.listener.SimpleMessageListenerContainer.receiveAndExecute(SimpleMessageListenerContainer.java:948) ~[spring-rabbit-3.0.4.jar:3.0.4]
	at org.springframework.amqp.rabbit.listener.SimpleMessageListenerContainer$AsyncMessageProcessingConsumer.mainLoop(SimpleMessageListenerContainer.java:1326) ~[spring-rabbit-3.0.4.jar:3.0.4]
	at org.springframework.amqp.rabbit.listener.SimpleMessageListenerContainer$AsyncMessageProcessingConsumer.run(SimpleMessageListenerContainer.java:1232) ~[spring-rabbit-3.0.4.jar:3.0.4]
	at java.base/java.lang.Thread.run(Thread.java:1589) ~[na:na]
Caused by: org.json.JSONException: No value for objectType
	at org.json.JSONObject.get(JSONObject.java:355) ~[android-json-0.0.20131108.vaadin1.jar:0.0.20131108.vaadin1]
	at edu.neu.info5.DemoApplication.service.IndexingListener.convertMapToDocumentIndex(IndexingListener.java:152) ~[classes/:na]
	at edu.neu.info5.DemoApplication.service.IndexingListener.postDocument(IndexingListener.java:73) ~[classes/:na]
	at edu.neu.info5.DemoApplication.service.IndexingListener.receiveMessage(IndexingListener.java:51) ~[classes/:na]
	at java.base/jdk.internal.reflect.DirectMethodHandleAccessor.invoke(DirectMethodHandleAccessor.java:104) ~[na:na]
	at java.base/java.lang.reflect.Method.invoke(Method.java:578) ~[na:na]
	at org.springframework.util.MethodInvoker.invoke(MethodInvoker.java:283) ~[spring-core-6.0.9.jar:6.0.9]
	at org.springframework.amqp.rabbit.listener.adapter.MessageListenerAdapter.invokeListenerMethod(MessageListenerAdapter.java:366) ~[spring-rabbit-3.0.4.jar:3.0.4]
	... 16 common frames omitted

Message received: {body={"mapType":"class java.util.HashMap","empty":false}, operation=SAVE}
2023-08-04T21:43:32.942-04:00  WARN 4865 --- [    container-1] org.elasticsearch.client.RestClient      : request [HEAD http://localhost:9200/plan-index?ignore_throttled=false&ignore_unavailable=false&expand_wildcards=open%2Cclosed&allow_no_indices=false] returned 2 warnings: [299 Elasticsearch-7.17.12-e3b0c3d3c5c130e1dc6d567d6baef1c73eeb2059 "Elasticsearch built-in security features are not enabled. Without authentication, your cluster could be accessible to anyone. See https://www.elastic.co/guide/en/elasticsearch/reference/7.17/security-minimal-setup.html to enable security."],[299 Elasticsearch-7.17.12-e3b0c3d3c5c130e1dc6d567d6baef1c73eeb2059 "[ignore_throttled] parameter is deprecated because frozen indices have been deprecated. Consider cold or frozen tiers in place of frozen indices."]
2023-08-04T21:43:32.942-04:00  WARN 4865 --- [    container-1] s.a.r.l.ConditionalRejectingErrorHandler : Execution of Rabbit message listener failed.

org.springframework.amqp.rabbit.support.ListenerExecutionFailedException: Listener method 'receiveMessage' threw exception
	at org.springframework.amqp.rabbit.listener.adapter.MessageListenerAdapter.invokeListenerMethod(MessageListenerAdapter.java:374) ~[spring-rabbit-3.0.4.jar:3.0.4]
	at org.springframework.amqp.rabbit.listener.adapter.MessageListenerAdapter.onMessage(MessageListenerAdapter.java:293) ~[spring-rabbit-3.0.4.jar:3.0.4]
	at org.springframework.amqp.rabbit.listener.AbstractMessageListenerContainer.doInvokeListener(AbstractMessageListenerContainer.java:1719) ~[spring-rabbit-3.0.4.jar:3.0.4]
	at org.springframework.amqp.rabbit.listener.AbstractMessageListenerContainer.actualInvokeListener(AbstractMessageListenerContainer.java:1638) ~[spring-rabbit-3.0.4.jar:3.0.4]
	at org.springframework.amqp.rabbit.listener.AbstractMessageListenerContainer.invokeListener(AbstractMessageListenerContainer.java:1626) ~[spring-rabbit-3.0.4.jar:3.0.4]
	at org.springframework.amqp.rabbit.listener.AbstractMessageListenerContainer.doExecuteListener(AbstractMessageListenerContainer.java:1617) ~[spring-rabbit-3.0.4.jar:3.0.4]
	at org.springframework.amqp.rabbit.listener.AbstractMessageListenerContainer.executeListenerAndHandleException(AbstractMessageListenerContainer.java:1562) ~[spring-rabbit-3.0.4.jar:3.0.4]
	at org.springframework.amqp.rabbit.listener.AbstractMessageListenerContainer.lambda$executeListener$8(AbstractMessageListenerContainer.java:1541) ~[spring-rabbit-3.0.4.jar:3.0.4]
	at io.micrometer.observation.Observation.lambda$observe$0(Observation.java:493) ~[micrometer-observation-1.11.0.jar:1.11.0]
	at io.micrometer.observation.Observation.observeWithContext(Observation.java:603) ~[micrometer-observation-1.11.0.jar:1.11.0]
	at io.micrometer.observation.Observation.observe(Observation.java:492) ~[micrometer-observation-1.11.0.jar:1.11.0]
	at org.springframework.amqp.rabbit.listener.AbstractMessageListenerContainer.executeListener(AbstractMessageListenerContainer.java:1541) ~[spring-rabbit-3.0.4.jar:3.0.4]
	at org.springframework.amqp.rabbit.listener.SimpleMessageListenerContainer.doReceiveAndExecute(SimpleMessageListenerContainer.java:1001) ~[spring-rabbit-3.0.4.jar:3.0.4]
	at org.springframework.amqp.rabbit.listener.SimpleMessageListenerContainer.receiveAndExecute(SimpleMessageListenerContainer.java:948) ~[spring-rabbit-3.0.4.jar:3.0.4]
	at org.springframework.amqp.rabbit.listener.SimpleMessageListenerContainer$AsyncMessageProcessingConsumer.mainLoop(SimpleMessageListenerContainer.java:1326) ~[spring-rabbit-3.0.4.jar:3.0.4]
	at org.springframework.amqp.rabbit.listener.SimpleMessageListenerContainer$AsyncMessageProcessingConsumer.run(SimpleMessageListenerContainer.java:1232) ~[spring-rabbit-3.0.4.jar:3.0.4]
	at java.base/java.lang.Thread.run(Thread.java:1589) ~[na:na]
Caused by: org.json.JSONException: No value for objectType
	at org.json.JSONObject.get(JSONObject.java:355) ~[android-json-0.0.20131108.vaadin1.jar:0.0.20131108.vaadin1]
	at edu.neu.info5.DemoApplication.service.IndexingListener.convertMapToDocumentIndex(IndexingListener.java:152) ~[classes/:na]
	at edu.neu.info5.DemoApplication.service.IndexingListener.postDocument(IndexingListener.java:73) ~[classes/:na]
	at edu.neu.info5.DemoApplication.service.IndexingListener.receiveMessage(IndexingListener.java:51) ~[classes/:na]
	at java.base/jdk.internal.reflect.DirectMethodHandleAccessor.invoke(DirectMethodHandleAccessor.java:104) ~[na:na]
	at java.base/java.lang.reflect.Method.invoke(Method.java:578) ~[na:na]
	at org.springframework.util.MethodInvoker.invoke(MethodInvoker.java:283) ~[spring-core-6.0.9.jar:6.0.9]
	at org.springframework.amqp.rabbit.listener.adapter.MessageListenerAdapter.invokeListenerMethod(MessageListenerAdapter.java:366) ~[spring-rabbit-3.0.4.jar:3.0.4]
	... 16 common frames omitted

Message received: {body={"mapType":"class java.util.HashMap","empty":false}, operation=SAVE}
2023-08-04T21:43:32.946-04:00  WARN 4865 --- [    container-1] org.elasticsearch.client.RestClient      : request [HEAD http://localhost:9200/plan-index?ignore_throttled=false&ignore_unavailable=false&expand_wildcards=open%2Cclosed&allow_no_indices=false] returned 2 warnings: [299 Elasticsearch-7.17.12-e3b0c3d3c5c130e1dc6d567d6baef1c73eeb2059 "Elasticsearch built-in security features are not enabled. Without authentication, your cluster could be accessible to anyone. See https://www.elastic.co/guide/en/elasticsearch/reference/7.17/security-minimal-setup.html to enable security."],[299 Elasticsearch-7.17.12-e3b0c3d3c5c130e1dc6d567d6baef1c73eeb2059 "[ignore_throttled] parameter is deprecated because frozen indices have been deprecated. Consider cold or frozen tiers in place of frozen indices."]
2023-08-04T21:43:32.946-04:00  WARN 4865 --- [    container-1] s.a.r.l.ConditionalRejectingErrorHandler : Execution of Rabbit message listener failed.

org.springframework.amqp.rabbit.support.ListenerExecutionFailedException: Listener method 'receiveMessage' threw exception
	at org.springframework.amqp.rabbit.listener.adapter.MessageListenerAdapter.invokeListenerMethod(MessageListenerAdapter.java:374) ~[spring-rabbit-3.0.4.jar:3.0.4]
	at org.springframework.amqp.rabbit.listener.adapter.MessageListenerAdapter.onMessage(MessageListenerAdapter.java:293) ~[spring-rabbit-3.0.4.jar:3.0.4]
	at org.springframework.amqp.rabbit.listener.AbstractMessageListenerContainer.doInvokeListener(AbstractMessageListenerContainer.java:1719) ~[spring-rabbit-3.0.4.jar:3.0.4]
	at org.springframework.amqp.rabbit.listener.AbstractMessageListenerContainer.actualInvokeListener(AbstractMessageListenerContainer.java:1638) ~[spring-rabbit-3.0.4.jar:3.0.4]
	at org.springframework.amqp.rabbit.listener.AbstractMessageListenerContainer.invokeListener(AbstractMessageListenerContainer.java:1626) ~[spring-rabbit-3.0.4.jar:3.0.4]
	at org.springframework.amqp.rabbit.listener.AbstractMessageListenerContainer.doExecuteListener(AbstractMessageListenerContainer.java:1617) ~[spring-rabbit-3.0.4.jar:3.0.4]
	at org.springframework.amqp.rabbit.listener.AbstractMessageListenerContainer.executeListenerAndHandleException(AbstractMessageListenerContainer.java:1562) ~[spring-rabbit-3.0.4.jar:3.0.4]
	at org.springframework.amqp.rabbit.listener.AbstractMessageListenerContainer.lambda$executeListener$8(AbstractMessageListenerContainer.java:1541) ~[spring-rabbit-3.0.4.jar:3.0.4]
	at io.micrometer.observation.Observation.lambda$observe$0(Observation.java:493) ~[micrometer-observation-1.11.0.jar:1.11.0]
	at io.micrometer.observation.Observation.observeWithContext(Observation.java:603) ~[micrometer-observation-1.11.0.jar:1.11.0]
	at io.micrometer.observation.Observation.observe(Observation.java:492) ~[micrometer-observation-1.11.0.jar:1.11.0]
	at org.springframework.amqp.rabbit.listener.AbstractMessageListenerContainer.executeListener(AbstractMessageListenerContainer.java:1541) ~[spring-rabbit-3.0.4.jar:3.0.4]
	at org.springframework.amqp.rabbit.listener.SimpleMessageListenerContainer.doReceiveAndExecute(SimpleMessageListenerContainer.java:1001) ~[spring-rabbit-3.0.4.jar:3.0.4]
	at org.springframework.amqp.rabbit.listener.SimpleMessageListenerContainer.receiveAndExecute(SimpleMessageListenerContainer.java:948) ~[spring-rabbit-3.0.4.jar:3.0.4]
	at org.springframework.amqp.rabbit.listener.SimpleMessageListenerContainer$AsyncMessageProcessingConsumer.mainLoop(SimpleMessageListenerContainer.java:1326) ~[spring-rabbit-3.0.4.jar:3.0.4]
	at org.springframework.amqp.rabbit.listener.SimpleMessageListenerContainer$AsyncMessageProcessingConsumer.run(SimpleMessageListenerContainer.java:1232) ~[spring-rabbit-3.0.4.jar:3.0.4]
	at java.base/java.lang.Thread.run(Thread.java:1589) ~[na:na]
Caused by: org.json.JSONException: No value for objectType
	at org.json.JSONObject.get(JSONObject.java:355) ~[android-json-0.0.20131108.vaadin1.jar:0.0.20131108.vaadin1]
	at edu.neu.info5.DemoApplication.service.IndexingListener.convertMapToDocumentIndex(IndexingListener.java:152) ~[classes/:na]
	at edu.neu.info5.DemoApplication.service.IndexingListener.postDocument(IndexingListener.java:73) ~[classes/:na]
	at edu.neu.info5.DemoApplication.service.IndexingListener.receiveMessage(IndexingListener.java:51) ~[classes/:na]
	at java.base/jdk.internal.reflect.DirectMethodHandleAccessor.invoke(DirectMethodHandleAccessor.java:104) ~[na:na]
	at java.base/java.lang.reflect.Method.invoke(Method.java:578) ~[na:na]
	at org.springframework.util.MethodInvoker.invoke(MethodInvoker.java:283) ~[spring-core-6.0.9.jar:6.0.9]
	at org.springframework.amqp.rabbit.listener.adapter.MessageListenerAdapter.invokeListenerMethod(MessageListenerAdapter.java:366) ~[spring-rabbit-3.0.4.jar:3.0.4]
	... 16 common frames omitted

Message received: {body={"mapType":"class java.util.HashMap","empty":false}, operation=SAVE}
2023-08-04T21:43:32.949-04:00  WARN 4865 --- [    container-1] org.elasticsearch.client.RestClient      : request [HEAD http://localhost:9200/plan-index?ignore_throttled=false&ignore_unavailable=false&expand_wildcards=open%2Cclosed&allow_no_indices=false] returned 2 warnings: [299 Elasticsearch-7.17.12-e3b0c3d3c5c130e1dc6d567d6baef1c73eeb2059 "Elasticsearch built-in security features are not enabled. Without authentication, your cluster could be accessible to anyone. See https://www.elastic.co/guide/en/elasticsearch/reference/7.17/security-minimal-setup.html to enable security."],[299 Elasticsearch-7.17.12-e3b0c3d3c5c130e1dc6d567d6baef1c73eeb2059 "[ignore_throttled] parameter is deprecated because frozen indices have been deprecated. Consider cold or frozen tiers in place of frozen indices."]
2023-08-04T21:43:32.949-04:00  WARN 4865 --- [    container-1] s.a.r.l.ConditionalRejectingErrorHandler : Execution of Rabbit message listener failed.

org.springframework.amqp.rabbit.support.ListenerExecutionFailedException: Listener method 'receiveMessage' threw exception
	at org.springframework.amqp.rabbit.listener.adapter.MessageListenerAdapter.invokeListenerMethod(MessageListenerAdapter.java:374) ~[spring-rabbit-3.0.4.jar:3.0.4]
	at org.springframework.amqp.rabbit.listener.adapter.MessageListenerAdapter.onMessage(MessageListenerAdapter.java:293) ~[spring-rabbit-3.0.4.jar:3.0.4]
	at org.springframework.amqp.rabbit.listener.AbstractMessageListenerContainer.doInvokeListener(AbstractMessageListenerContainer.java:1719) ~[spring-rabbit-3.0.4.jar:3.0.4]
	at org.springframework.amqp.rabbit.listener.AbstractMessageListenerContainer.actualInvokeListener(AbstractMessageListenerContainer.java:1638) ~[spring-rabbit-3.0.4.jar:3.0.4]
	at org.springframework.amqp.rabbit.listener.AbstractMessageListenerContainer.invokeListener(AbstractMessageListenerContainer.java:1626) ~[spring-rabbit-3.0.4.jar:3.0.4]
	at org.springframework.amqp.rabbit.listener.AbstractMessageListenerContainer.doExecuteListener(AbstractMessageListenerContainer.java:1617) ~[spring-rabbit-3.0.4.jar:3.0.4]
	at org.springframework.amqp.rabbit.listener.AbstractMessageListenerContainer.executeListenerAndHandleException(AbstractMessageListenerContainer.java:1562) ~[spring-rabbit-3.0.4.jar:3.0.4]
	at org.springframework.amqp.rabbit.listener.AbstractMessageListenerContainer.lambda$executeListener$8(AbstractMessageListenerContainer.java:1541) ~[spring-rabbit-3.0.4.jar:3.0.4]
	at io.micrometer.observation.Observation.lambda$observe$0(Observation.java:493) ~[micrometer-observation-1.11.0.jar:1.11.0]
	at io.micrometer.observation.Observation.observeWithContext(Observation.java:603) ~[micrometer-observation-1.11.0.jar:1.11.0]
	at io.micrometer.observation.Observation.observe(Observation.java:492) ~[micrometer-observation-1.11.0.jar:1.11.0]
	at org.springframework.amqp.rabbit.listener.AbstractMessageListenerContainer.executeListener(AbstractMessageListenerContainer.java:1541) ~[spring-rabbit-3.0.4.jar:3.0.4]
	at org.springframework.amqp.rabbit.listener.SimpleMessageListenerContainer.doReceiveAndExecute(SimpleMessageListenerContainer.java:1001) ~[spring-rabbit-3.0.4.jar:3.0.4]
	at org.springframework.amqp.rabbit.listener.SimpleMessageListenerContainer.receiveAndExecute(SimpleMessageListenerContainer.java:948) ~[spring-rabbit-3.0.4.jar:3.0.4]
	at org.springframework.amqp.rabbit.listener.SimpleMessageListenerContainer$AsyncMessageProcessingConsumer.mainLoop(SimpleMessageListenerContainer.java:1326) ~[spring-rabbit-3.0.4.jar:3.0.4]
	at org.springframework.amqp.rabbit.listener.SimpleMessageListenerContainer$AsyncMessageProcessingConsumer.run(SimpleMessageListenerContainer.java:1232) ~[spring-rabbit-3.0.4.jar:3.0.4]
	at java.base/java.lang.Thread.run(Thread.java:1589) ~[na:na]
Caused by: org.json.JSONException: No value for objectType
	at org.json.JSONObject.get(JSONObject.java:355) ~[android-json-0.0.20131108.vaadin1.jar:0.0.20131108.vaadin1]
	at edu.neu.info5.DemoApplication.service.IndexingListener.convertMapToDocumentIndex(IndexingListener.java:152) ~[classes/:na]
	at edu.neu.info5.DemoApplication.service.IndexingListener.postDocument(IndexingListener.java:73) ~[classes/:na]
	at edu.neu.info5.DemoApplication.service.IndexingListener.receiveMessage(IndexingListener.java:51) ~[classes/:na]
	at java.base/jdk.internal.reflect.DirectMethodHandleAccessor.invoke(DirectMethodHandleAccessor.java:104) ~[na:na]
	at java.base/java.lang.reflect.Method.invoke(Method.java:578) ~[na:na]
	at org.springframework.util.MethodInvoker.invoke(MethodInvoker.java:283) ~[spring-core-6.0.9.jar:6.0.9]
	at org.springframework.amqp.rabbit.listener.adapter.MessageListenerAdapter.invokeListenerMethod(MessageListenerAdapter.java:366) ~[spring-rabbit-3.0.4.jar:3.0.4]
	... 16 common frames omitted

Message received: {body={"mapType":"class java.util.HashMap","empty":false}, operation=SAVE}
2023-08-04T21:43:32.953-04:00  WARN 4865 --- [    container-1] org.elasticsearch.client.RestClient      : request [HEAD http://localhost:9200/plan-index?ignore_throttled=false&ignore_unavailable=false&expand_wildcards=open%2Cclosed&allow_no_indices=false] returned 2 warnings: [299 Elasticsearch-7.17.12-e3b0c3d3c5c130e1dc6d567d6baef1c73eeb2059 "Elasticsearch built-in security features are not enabled. Without authentication, your cluster could be accessible to anyone. See https://www.elastic.co/guide/en/elasticsearch/reference/7.17/security-minimal-setup.html to enable security."],[299 Elasticsearch-7.17.12-e3b0c3d3c5c130e1dc6d567d6baef1c73eeb2059 "[ignore_throttled] parameter is deprecated because frozen indices have been deprecated. Consider cold or frozen tiers in place of frozen indices."]
2023-08-04T21:43:32.953-04:00  WARN 4865 --- [    container-1] s.a.r.l.ConditionalRejectingErrorHandler : Execution of Rabbit message listener failed.

org.springframework.amqp.rabbit.support.ListenerExecutionFailedException: Listener method 'receiveMessage' threw exception
	at org.springframework.amqp.rabbit.listener.adapter.MessageListenerAdapter.invokeListenerMethod(MessageListenerAdapter.java:374) ~[spring-rabbit-3.0.4.jar:3.0.4]
	at org.springframework.amqp.rabbit.listener.adapter.MessageListenerAdapter.onMessage(MessageListenerAdapter.java:293) ~[spring-rabbit-3.0.4.jar:3.0.4]
	at org.springframework.amqp.rabbit.listener.AbstractMessageListenerContainer.doInvokeListener(AbstractMessageListenerContainer.java:1719) ~[spring-rabbit-3.0.4.jar:3.0.4]
	at org.springframework.amqp.rabbit.listener.AbstractMessageListenerContainer.actualInvokeListener(AbstractMessageListenerContainer.java:1638) ~[spring-rabbit-3.0.4.jar:3.0.4]
	at org.springframework.amqp.rabbit.listener.AbstractMessageListenerContainer.invokeListener(AbstractMessageListenerContainer.java:1626) ~[spring-rabbit-3.0.4.jar:3.0.4]
	at org.springframework.amqp.rabbit.listener.AbstractMessageListenerContainer.doExecuteListener(AbstractMessageListenerContainer.java:1617) ~[spring-rabbit-3.0.4.jar:3.0.4]
	at org.springframework.amqp.rabbit.listener.AbstractMessageListenerContainer.executeListenerAndHandleException(AbstractMessageListenerContainer.java:1562) ~[spring-rabbit-3.0.4.jar:3.0.4]
	at org.springframework.amqp.rabbit.listener.AbstractMessageListenerContainer.lambda$executeListener$8(AbstractMessageListenerContainer.java:1541) ~[spring-rabbit-3.0.4.jar:3.0.4]
	at io.micrometer.observation.Observation.lambda$observe$0(Observation.java:493) ~[micrometer-observation-1.11.0.jar:1.11.0]
	at io.micrometer.observation.Observation.observeWithContext(Observation.java:603) ~[micrometer-observation-1.11.0.jar:1.11.0]
	at io.micrometer.observation.Observation.observe(Observation.java:492) ~[micrometer-observation-1.11.0.jar:1.11.0]
	at org.springframework.amqp.rabbit.listener.AbstractMessageListenerContainer.executeListener(AbstractMessageListenerContainer.java:1541) ~[spring-rabbit-3.0.4.jar:3.0.4]
	at org.springframework.amqp.rabbit.listener.SimpleMessageListenerContainer.doReceiveAndExecute(SimpleMessageListenerContainer.java:1001) ~[spring-rabbit-3.0.4.jar:3.0.4]
	at org.springframework.amqp.rabbit.listener.SimpleMessageListenerContainer.receiveAndExecute(SimpleMessageListenerContainer.java:948) ~[spring-rabbit-3.0.4.jar:3.0.4]
	at org.springframework.amqp.rabbit.listener.SimpleMessageListenerContainer$AsyncMessageProcessingConsumer.mainLoop(SimpleMessageListenerContainer.java:1326) ~[spring-rabbit-3.0.4.jar:3.0.4]
	at org.springframework.amqp.rabbit.listener.SimpleMessageListenerContainer$AsyncMessageProcessingConsumer.run(SimpleMessageListenerContainer.java:1232) ~[spring-rabbit-3.0.4.jar:3.0.4]
	at java.base/java.lang.Thread.run(Thread.java:1589) ~[na:na]
Caused by: org.json.JSONException: No value for objectType
	at org.json.JSONObject.get(JSONObject.java:355) ~[android-json-0.0.20131108.vaadin1.jar:0.0.20131108.vaadin1]
	at edu.neu.info5.DemoApplication.service.IndexingListener.convertMapToDocumentIndex(IndexingListener.java:152) ~[classes/:na]
	at edu.neu.info5.DemoApplication.service.IndexingListener.postDocument(IndexingListener.java:73) ~[classes/:na]
	at edu.neu.info5.DemoApplication.service.IndexingListener.receiveMessage(IndexingListener.java:51) ~[classes/:na]
	at java.base/jdk.internal.reflect.DirectMethodHandleAccessor.invoke(DirectMethodHandleAccessor.java:104) ~[na:na]
	at java.base/java.lang.reflect.Method.invoke(Method.java:578) ~[na:na]
	at org.springframework.util.MethodInvoker.invoke(MethodInvoker.java:283) ~[spring-core-6.0.9.jar:6.0.9]
	at org.springframework.amqp.rabbit.listener.adapter.MessageListenerAdapter.invokeListenerMethod(MessageListenerAdapter.java:366) ~[spring-rabbit-3.0.4.jar:3.0.4]
	... 16 common frames omitted

Message received: {body={"mapType":"class java.util.HashMap","empty":false}, operation=SAVE}
2023-08-04T21:43:32.956-04:00  WARN 4865 --- [    container-1] org.elasticsearch.client.RestClient      : request [HEAD http://localhost:9200/plan-index?ignore_throttled=false&ignore_unavailable=false&expand_wildcards=open%2Cclosed&allow_no_indices=false] returned 2 warnings: [299 Elasticsearch-7.17.12-e3b0c3d3c5c130e1dc6d567d6baef1c73eeb2059 "Elasticsearch built-in security features are not enabled. Without authentication, your cluster could be accessible to anyone. See https://www.elastic.co/guide/en/elasticsearch/reference/7.17/security-minimal-setup.html to enable security."],[299 Elasticsearch-7.17.12-e3b0c3d3c5c130e1dc6d567d6baef1c73eeb2059 "[ignore_throttled] parameter is deprecated because frozen indices have been deprecated. Consider cold or frozen tiers in place of frozen indices."]
2023-08-04T21:43:32.957-04:00  WARN 4865 --- [    container-1] s.a.r.l.ConditionalRejectingErrorHandler : Execution of Rabbit message listener failed.

org.springframework.amqp.rabbit.support.ListenerExecutionFailedException: Listener method 'receiveMessage' threw exception
	at org.springframework.amqp.rabbit.listener.adapter.MessageListenerAdapter.invokeListenerMethod(MessageListenerAdapter.java:374) ~[spring-rabbit-3.0.4.jar:3.0.4]
	at org.springframework.amqp.rabbit.listener.adapter.MessageListenerAdapter.onMessage(MessageListenerAdapter.java:293) ~[spring-rabbit-3.0.4.jar:3.0.4]
	at org.springframework.amqp.rabbit.listener.AbstractMessageListenerContainer.doInvokeListener(AbstractMessageListenerContainer.java:1719) ~[spring-rabbit-3.0.4.jar:3.0.4]
	at org.springframework.amqp.rabbit.listener.AbstractMessageListenerContainer.actualInvokeListener(AbstractMessageListenerContainer.java:1638) ~[spring-rabbit-3.0.4.jar:3.0.4]
	at org.springframework.amqp.rabbit.listener.AbstractMessageListenerContainer.invokeListener(AbstractMessageListenerContainer.java:1626) ~[spring-rabbit-3.0.4.jar:3.0.4]
	at org.springframework.amqp.rabbit.listener.AbstractMessageListenerContainer.doExecuteListener(AbstractMessageListenerContainer.java:1617) ~[spring-rabbit-3.0.4.jar:3.0.4]
	at org.springframework.amqp.rabbit.listener.AbstractMessageListenerContainer.executeListenerAndHandleException(AbstractMessageListenerContainer.java:1562) ~[spring-rabbit-3.0.4.jar:3.0.4]
	at org.springframework.amqp.rabbit.listener.AbstractMessageListenerContainer.lambda$executeListener$8(AbstractMessageListenerContainer.java:1541) ~[spring-rabbit-3.0.4.jar:3.0.4]
	at io.micrometer.observation.Observation.lambda$observe$0(Observation.java:493) ~[micrometer-observation-1.11.0.jar:1.11.0]
	at io.micrometer.observation.Observation.observeWithContext(Observation.java:603) ~[micrometer-observation-1.11.0.jar:1.11.0]
	at io.micrometer.observation.Observation.observe(Observation.java:492) ~[micrometer-observation-1.11.0.jar:1.11.0]
	at org.springframework.amqp.rabbit.listener.AbstractMessageListenerContainer.executeListener(AbstractMessageListenerContainer.java:1541) ~[spring-rabbit-3.0.4.jar:3.0.4]
	at org.springframework.amqp.rabbit.listener.SimpleMessageListenerContainer.doReceiveAndExecute(SimpleMessageListenerContainer.java:1001) ~[spring-rabbit-3.0.4.jar:3.0.4]
	at org.springframework.amqp.rabbit.listener.SimpleMessageListenerContainer.receiveAndExecute(SimpleMessageListenerContainer.java:948) ~[spring-rabbit-3.0.4.jar:3.0.4]
	at org.springframework.amqp.rabbit.listener.SimpleMessageListenerContainer$AsyncMessageProcessingConsumer.mainLoop(SimpleMessageListenerContainer.java:1326) ~[spring-rabbit-3.0.4.jar:3.0.4]
	at org.springframework.amqp.rabbit.listener.SimpleMessageListenerContainer$AsyncMessageProcessingConsumer.run(SimpleMessageListenerContainer.java:1232) ~[spring-rabbit-3.0.4.jar:3.0.4]
	at java.base/java.lang.Thread.run(Thread.java:1589) ~[na:na]
Caused by: org.json.JSONException: No value for objectType
	at org.json.JSONObject.get(JSONObject.java:355) ~[android-json-0.0.20131108.vaadin1.jar:0.0.20131108.vaadin1]
	at edu.neu.info5.DemoApplication.service.IndexingListener.convertMapToDocumentIndex(IndexingListener.java:152) ~[classes/:na]
	at edu.neu.info5.DemoApplication.service.IndexingListener.postDocument(IndexingListener.java:73) ~[classes/:na]
	at edu.neu.info5.DemoApplication.service.IndexingListener.receiveMessage(IndexingListener.java:51) ~[classes/:na]
	at java.base/jdk.internal.reflect.DirectMethodHandleAccessor.invoke(DirectMethodHandleAccessor.java:104) ~[na:na]
	at java.base/java.lang.reflect.Method.invoke(Method.java:578) ~[na:na]
	at org.springframework.util.MethodInvoker.invoke(MethodInvoker.java:283) ~[spring-core-6.0.9.jar:6.0.9]
	at org.springframework.amqp.rabbit.listener.adapter.MessageListenerAdapter.invokeListenerMethod(MessageListenerAdapter.java:366) ~[spring-rabbit-3.0.4.jar:3.0.4]
	... 16 common frames omitted

Message received: {body={"mapType":"class java.util.HashMap","empty":false}, operation=SAVE}
2023-08-04T21:43:32.958-04:00  WARN 4865 --- [    container-1] org.elasticsearch.client.RestClient      : request [HEAD http://localhost:9200/plan-index?ignore_throttled=false&ignore_unavailable=false&expand_wildcards=open%2Cclosed&allow_no_indices=false] returned 2 warnings: [299 Elasticsearch-7.17.12-e3b0c3d3c5c130e1dc6d567d6baef1c73eeb2059 "Elasticsearch built-in security features are not enabled. Without authentication, your cluster could be accessible to anyone. See https://www.elastic.co/guide/en/elasticsearch/reference/7.17/security-minimal-setup.html to enable security."],[299 Elasticsearch-7.17.12-e3b0c3d3c5c130e1dc6d567d6baef1c73eeb2059 "[ignore_throttled] parameter is deprecated because frozen indices have been deprecated. Consider cold or frozen tiers in place of frozen indices."]
2023-08-04T21:43:32.958-04:00  WARN 4865 --- [    container-1] s.a.r.l.ConditionalRejectingErrorHandler : Execution of Rabbit message listener failed.

org.springframework.amqp.rabbit.support.ListenerExecutionFailedException: Listener method 'receiveMessage' threw exception
	at org.springframework.amqp.rabbit.listener.adapter.MessageListenerAdapter.invokeListenerMethod(MessageListenerAdapter.java:374) ~[spring-rabbit-3.0.4.jar:3.0.4]
	at org.springframework.amqp.rabbit.listener.adapter.MessageListenerAdapter.onMessage(MessageListenerAdapter.java:293) ~[spring-rabbit-3.0.4.jar:3.0.4]
	at org.springframework.amqp.rabbit.listener.AbstractMessageListenerContainer.doInvokeListener(AbstractMessageListenerContainer.java:1719) ~[spring-rabbit-3.0.4.jar:3.0.4]
	at org.springframework.amqp.rabbit.listener.AbstractMessageListenerContainer.actualInvokeListener(AbstractMessageListenerContainer.java:1638) ~[spring-rabbit-3.0.4.jar:3.0.4]
	at org.springframework.amqp.rabbit.listener.AbstractMessageListenerContainer.invokeListener(AbstractMessageListenerContainer.java:1626) ~[spring-rabbit-3.0.4.jar:3.0.4]
	at org.springframework.amqp.rabbit.listener.AbstractMessageListenerContainer.doExecuteListener(AbstractMessageListenerContainer.java:1617) ~[spring-rabbit-3.0.4.jar:3.0.4]
	at org.springframework.amqp.rabbit.listener.AbstractMessageListenerContainer.executeListenerAndHandleException(AbstractMessageListenerContainer.java:1562) ~[spring-rabbit-3.0.4.jar:3.0.4]
	at org.springframework.amqp.rabbit.listener.AbstractMessageListenerContainer.lambda$executeListener$8(AbstractMessageListenerContainer.java:1541) ~[spring-rabbit-3.0.4.jar:3.0.4]
	at io.micrometer.observation.Observation.lambda$observe$0(Observation.java:493) ~[micrometer-observation-1.11.0.jar:1.11.0]
	at io.micrometer.observation.Observation.observeWithContext(Observation.java:603) ~[micrometer-observation-1.11.0.jar:1.11.0]
	at io.micrometer.observation.Observation.observe(Observation.java:492) ~[micrometer-observation-1.11.0.jar:1.11.0]
	at org.springframework.amqp.rabbit.listener.AbstractMessageListenerContainer.executeListener(AbstractMessageListenerContainer.java:1541) ~[spring-rabbit-3.0.4.jar:3.0.4]
	at org.springframework.amqp.rabbit.listener.SimpleMessageListenerContainer.doReceiveAndExecute(SimpleMessageListenerContainer.java:1001) ~[spring-rabbit-3.0.4.jar:3.0.4]
	at org.springframework.amqp.rabbit.listener.SimpleMessageListenerContainer.receiveAndExecute(SimpleMessageListenerContainer.java:948) ~[spring-rabbit-3.0.4.jar:3.0.4]
	at org.springframework.amqp.rabbit.listener.SimpleMessageListenerContainer$AsyncMessageProcessingConsumer.mainLoop(SimpleMessageListenerContainer.java:1326) ~[spring-rabbit-3.0.4.jar:3.0.4]
	at org.springframework.amqp.rabbit.listener.SimpleMessageListenerContainer$AsyncMessageProcessingConsumer.run(SimpleMessageListenerContainer.java:1232) ~[spring-rabbit-3.0.4.jar:3.0.4]
	at java.base/java.lang.Thread.run(Thread.java:1589) ~[na:na]
Caused by: org.json.JSONException: No value for objectType
	at org.json.JSONObject.get(JSONObject.java:355) ~[android-json-0.0.20131108.vaadin1.jar:0.0.20131108.vaadin1]
	at edu.neu.info5.DemoApplication.service.IndexingListener.convertMapToDocumentIndex(IndexingListener.java:152) ~[classes/:na]
	at edu.neu.info5.DemoApplication.service.IndexingListener.postDocument(IndexingListener.java:73) ~[classes/:na]
	at edu.neu.info5.DemoApplication.service.IndexingListener.receiveMessage(IndexingListener.java:51) ~[classes/:na]
	at java.base/jdk.internal.reflect.DirectMethodHandleAccessor.invoke(DirectMethodHandleAccessor.java:104) ~[na:na]
	at java.base/java.lang.reflect.Method.invoke(Method.java:578) ~[na:na]
	at org.springframework.util.MethodInvoker.invoke(MethodInvoker.java:283) ~[spring-core-6.0.9.jar:6.0.9]
	at org.springframework.amqp.rabbit.listener.adapter.MessageListenerAdapter.invokeListenerMethod(MessageListenerAdapter.java:366) ~[spring-rabbit-3.0.4.jar:3.0.4]
	... 16 common frames omitted

Message received: {body={"mapType":"class java.util.HashMap","empty":false}, operation=SAVE}
2023-08-04T21:43:32.961-04:00  WARN 4865 --- [    container-1] org.elasticsearch.client.RestClient      : request [HEAD http://localhost:9200/plan-index?ignore_throttled=false&ignore_unavailable=false&expand_wildcards=open%2Cclosed&allow_no_indices=false] returned 2 warnings: [299 Elasticsearch-7.17.12-e3b0c3d3c5c130e1dc6d567d6baef1c73eeb2059 "Elasticsearch built-in security features are not enabled. Without authentication, your cluster could be accessible to anyone. See https://www.elastic.co/guide/en/elasticsearch/reference/7.17/security-minimal-setup.html to enable security."],[299 Elasticsearch-7.17.12-e3b0c3d3c5c130e1dc6d567d6baef1c73eeb2059 "[ignore_throttled] parameter is deprecated because frozen indices have been deprecated. Consider cold or frozen tiers in place of frozen indices."]
2023-08-04T21:43:32.961-04:00  WARN 4865 --- [    container-1] s.a.r.l.ConditionalRejectingErrorHandler : Execution of Rabbit message listener failed.

org.springframework.amqp.rabbit.support.ListenerExecutionFailedException: Listener method 'receiveMessage' threw exception
	at org.springframework.amqp.rabbit.listener.adapter.MessageListenerAdapter.invokeListenerMethod(MessageListenerAdapter.java:374) ~[spring-rabbit-3.0.4.jar:3.0.4]
	at org.springframework.amqp.rabbit.listener.adapter.MessageListenerAdapter.onMessage(MessageListenerAdapter.java:293) ~[spring-rabbit-3.0.4.jar:3.0.4]
	at org.springframework.amqp.rabbit.listener.AbstractMessageListenerContainer.doInvokeListener(AbstractMessageListenerContainer.java:1719) ~[spring-rabbit-3.0.4.jar:3.0.4]
	at org.springframework.amqp.rabbit.listener.AbstractMessageListenerContainer.actualInvokeListener(AbstractMessageListenerContainer.java:1638) ~[spring-rabbit-3.0.4.jar:3.0.4]
	at org.springframework.amqp.rabbit.listener.AbstractMessageListenerContainer.invokeListener(AbstractMessageListenerContainer.java:1626) ~[spring-rabbit-3.0.4.jar:3.0.4]
	at org.springframework.amqp.rabbit.listener.AbstractMessageListenerContainer.doExecuteListener(AbstractMessageListenerContainer.java:1617) ~[spring-rabbit-3.0.4.jar:3.0.4]
	at org.springframework.amqp.rabbit.listener.AbstractMessageListenerContainer.executeListenerAndHandleException(AbstractMessageListenerContainer.java:1562) ~[spring-rabbit-3.0.4.jar:3.0.4]
	at org.springframework.amqp.rabbit.listener.AbstractMessageListenerContainer.lambda$executeListener$8(AbstractMessageListenerContainer.java:1541) ~[spring-rabbit-3.0.4.jar:3.0.4]
	at io.micrometer.observation.Observation.lambda$observe$0(Observation.java:493) ~[micrometer-observation-1.11.0.jar:1.11.0]
	at io.micrometer.observation.Observation.observeWithContext(Observation.java:603) ~[micrometer-observation-1.11.0.jar:1.11.0]
	at io.micrometer.observation.Observation.observe(Observation.java:492) ~[micrometer-observation-1.11.0.jar:1.11.0]
	at org.springframework.amqp.rabbit.listener.AbstractMessageListenerContainer.executeListener(AbstractMessageListenerContainer.java:1541) ~[spring-rabbit-3.0.4.jar:3.0.4]
	at org.springframework.amqp.rabbit.listener.SimpleMessageListenerContainer.doReceiveAndExecute(SimpleMessageListenerContainer.java:1001) ~[spring-rabbit-3.0.4.jar:3.0.4]
	at org.springframework.amqp.rabbit.listener.SimpleMessageListenerContainer.receiveAndExecute(SimpleMessageListenerContainer.java:948) ~[spring-rabbit-3.0.4.jar:3.0.4]
	at org.springframework.amqp.rabbit.listener.SimpleMessageListenerContainer$AsyncMessageProcessingConsumer.mainLoop(SimpleMessageListenerContainer.java:1326) ~[spring-rabbit-3.0.4.jar:3.0.4]
	at org.springframework.amqp.rabbit.listener.SimpleMessageListenerContainer$AsyncMessageProcessingConsumer.run(SimpleMessageListenerContainer.java:1232) ~[spring-rabbit-3.0.4.jar:3.0.4]
	at java.base/java.lang.Thread.run(Thread.java:1589) ~[na:na]
Caused by: org.json.JSONException: No value for objectType
	at org.json.JSONObject.get(JSONObject.java:355) ~[android-json-0.0.20131108.vaadin1.jar:0.0.20131108.vaadin1]
	at edu.neu.info5.DemoApplication.service.IndexingListener.convertMapToDocumentIndex(IndexingListener.java:152) ~[classes/:na]
	at edu.neu.info5.DemoApplication.service.IndexingListener.postDocument(IndexingListener.java:73) ~[classes/:na]
	at edu.neu.info5.DemoApplication.service.IndexingListener.receiveMessage(IndexingListener.java:51) ~[classes/:na]
	at java.base/jdk.internal.reflect.DirectMethodHandleAccessor.invoke(DirectMethodHandleAccessor.java:104) ~[na:na]
	at java.base/java.lang.reflect.Method.invoke(Method.java:578) ~[na:na]
	at org.springframework.util.MethodInvoker.invoke(MethodInvoker.java:283) ~[spring-core-6.0.9.jar:6.0.9]
	at org.springframework.amqp.rabbit.listener.adapter.MessageListenerAdapter.invokeListenerMethod(MessageListenerAdapter.java:366) ~[spring-rabbit-3.0.4.jar:3.0.4]
	... 16 common frames omitted

Message received: {body={"mapType":"class java.util.HashMap","empty":false}, operation=SAVE}
2023-08-04T21:43:32.964-04:00  WARN 4865 --- [    container-1] org.elasticsearch.client.RestClient      : request [HEAD http://localhost:9200/plan-index?ignore_throttled=false&ignore_unavailable=false&expand_wildcards=open%2Cclosed&allow_no_indices=false] returned 2 warnings: [299 Elasticsearch-7.17.12-e3b0c3d3c5c130e1dc6d567d6baef1c73eeb2059 "Elasticsearch built-in security features are not enabled. Without authentication, your cluster could be accessible to anyone. See https://www.elastic.co/guide/en/elasticsearch/reference/7.17/security-minimal-setup.html to enable security."],[299 Elasticsearch-7.17.12-e3b0c3d3c5c130e1dc6d567d6baef1c73eeb2059 "[ignore_throttled] parameter is deprecated because frozen indices have been deprecated. Consider cold or frozen tiers in place of frozen indices."]
2023-08-04T21:43:32.964-04:00  WARN 4865 --- [    container-1] s.a.r.l.ConditionalRejectingErrorHandler : Execution of Rabbit message listener failed.

org.springframework.amqp.rabbit.support.ListenerExecutionFailedException: Listener method 'receiveMessage' threw exception
	at org.springframework.amqp.rabbit.listener.adapter.MessageListenerAdapter.invokeListenerMethod(MessageListenerAdapter.java:374) ~[spring-rabbit-3.0.4.jar:3.0.4]
	at org.springframework.amqp.rabbit.listener.adapter.MessageListenerAdapter.onMessage(MessageListenerAdapter.java:293) ~[spring-rabbit-3.0.4.jar:3.0.4]
	at org.springframework.amqp.rabbit.listener.AbstractMessageListenerContainer.doInvokeListener(AbstractMessageListenerContainer.java:1719) ~[spring-rabbit-3.0.4.jar:3.0.4]
	at org.springframework.amqp.rabbit.listener.AbstractMessageListenerContainer.actualInvokeListener(AbstractMessageListenerContainer.java:1638) ~[spring-rabbit-3.0.4.jar:3.0.4]
	at org.springframework.amqp.rabbit.listener.AbstractMessageListenerContainer.invokeListener(AbstractMessageListenerContainer.java:1626) ~[spring-rabbit-3.0.4.jar:3.0.4]
	at org.springframework.amqp.rabbit.listener.AbstractMessageListenerContainer.doExecuteListener(AbstractMessageListenerContainer.java:1617) ~[spring-rabbit-3.0.4.jar:3.0.4]
	at org.springframework.amqp.rabbit.listener.AbstractMessageListenerContainer.executeListenerAndHandleException(AbstractMessageListenerContainer.java:1562) ~[spring-rabbit-3.0.4.jar:3.0.4]
	at org.springframework.amqp.rabbit.listener.AbstractMessageListenerContainer.lambda$executeListener$8(AbstractMessageListenerContainer.java:1541) ~[spring-rabbit-3.0.4.jar:3.0.4]
	at io.micrometer.observation.Observation.lambda$observe$0(Observation.java:493) ~[micrometer-observation-1.11.0.jar:1.11.0]
	at io.micrometer.observation.Observation.observeWithContext(Observation.java:603) ~[micrometer-observation-1.11.0.jar:1.11.0]
	at io.micrometer.observation.Observation.observe(Observation.java:492) ~[micrometer-observation-1.11.0.jar:1.11.0]
	at org.springframework.amqp.rabbit.listener.AbstractMessageListenerContainer.executeListener(AbstractMessageListenerContainer.java:1541) ~[spring-rabbit-3.0.4.jar:3.0.4]
	at org.springframework.amqp.rabbit.listener.SimpleMessageListenerContainer.doReceiveAndExecute(SimpleMessageListenerContainer.java:1001) ~[spring-rabbit-3.0.4.jar:3.0.4]
	at org.springframework.amqp.rabbit.listener.SimpleMessageListenerContainer.receiveAndExecute(SimpleMessageListenerContainer.java:948) ~[spring-rabbit-3.0.4.jar:3.0.4]
	at org.springframework.amqp.rabbit.listener.SimpleMessageListenerContainer$AsyncMessageProcessingConsumer.mainLoop(SimpleMessageListenerContainer.java:1326) ~[spring-rabbit-3.0.4.jar:3.0.4]
	at org.springframework.amqp.rabbit.listener.SimpleMessageListenerContainer$AsyncMessageProcessingConsumer.run(SimpleMessageListenerContainer.java:1232) ~[spring-rabbit-3.0.4.jar:3.0.4]
	at java.base/java.lang.Thread.run(Thread.java:1589) ~[na:na]
Caused by: org.json.JSONException: No value for objectType
	at org.json.JSONObject.get(JSONObject.java:355) ~[android-json-0.0.20131108.vaadin1.jar:0.0.20131108.vaadin1]
	at edu.neu.info5.DemoApplication.service.IndexingListener.convertMapToDocumentIndex(IndexingListener.java:152) ~[classes/:na]
	at edu.neu.info5.DemoApplication.service.IndexingListener.postDocument(IndexingListener.java:73) ~[classes/:na]
	at edu.neu.info5.DemoApplication.service.IndexingListener.receiveMessage(IndexingListener.java:51) ~[classes/:na]
	at java.base/jdk.internal.reflect.DirectMethodHandleAccessor.invoke(DirectMethodHandleAccessor.java:104) ~[na:na]
	at java.base/java.lang.reflect.Method.invoke(Method.java:578) ~[na:na]
	at org.springframework.util.MethodInvoker.invoke(MethodInvoker.java:283) ~[spring-core-6.0.9.jar:6.0.9]
	at org.springframework.amqp.rabbit.listener.adapter.MessageListenerAdapter.invokeListenerMethod(MessageListenerAdapter.java:366) ~[spring-rabbit-3.0.4.jar:3.0.4]
	... 16 common frames omitted

Message received: {body={"mapType":"class java.util.HashMap","empty":false}, operation=SAVE}
2023-08-04T21:43:32.966-04:00  WARN 4865 --- [    container-1] org.elasticsearch.client.RestClient      : request [HEAD http://localhost:9200/plan-index?ignore_throttled=false&ignore_unavailable=false&expand_wildcards=open%2Cclosed&allow_no_indices=false] returned 2 warnings: [299 Elasticsearch-7.17.12-e3b0c3d3c5c130e1dc6d567d6baef1c73eeb2059 "Elasticsearch built-in security features are not enabled. Without authentication, your cluster could be accessible to anyone. See https://www.elastic.co/guide/en/elasticsearch/reference/7.17/security-minimal-setup.html to enable security."],[299 Elasticsearch-7.17.12-e3b0c3d3c5c130e1dc6d567d6baef1c73eeb2059 "[ignore_throttled] parameter is deprecated because frozen indices have been deprecated. Consider cold or frozen tiers in place of frozen indices."]
2023-08-04T21:43:32.966-04:00  WARN 4865 --- [    container-1] s.a.r.l.ConditionalRejectingErrorHandler : Execution of Rabbit message listener failed.

org.springframework.amqp.rabbit.support.ListenerExecutionFailedException: Listener method 'receiveMessage' threw exception
	at org.springframework.amqp.rabbit.listener.adapter.MessageListenerAdapter.invokeListenerMethod(MessageListenerAdapter.java:374) ~[spring-rabbit-3.0.4.jar:3.0.4]
	at org.springframework.amqp.rabbit.listener.adapter.MessageListenerAdapter.onMessage(MessageListenerAdapter.java:293) ~[spring-rabbit-3.0.4.jar:3.0.4]
	at org.springframework.amqp.rabbit.listener.AbstractMessageListenerContainer.doInvokeListener(AbstractMessageListenerContainer.java:1719) ~[spring-rabbit-3.0.4.jar:3.0.4]
	at org.springframework.amqp.rabbit.listener.AbstractMessageListenerContainer.actualInvokeListener(AbstractMessageListenerContainer.java:1638) ~[spring-rabbit-3.0.4.jar:3.0.4]
	at org.springframework.amqp.rabbit.listener.AbstractMessageListenerContainer.invokeListener(AbstractMessageListenerContainer.java:1626) ~[spring-rabbit-3.0.4.jar:3.0.4]
	at org.springframework.amqp.rabbit.listener.AbstractMessageListenerContainer.doExecuteListener(AbstractMessageListenerContainer.java:1617) ~[spring-rabbit-3.0.4.jar:3.0.4]
	at org.springframework.amqp.rabbit.listener.AbstractMessageListenerContainer.executeListenerAndHandleException(AbstractMessageListenerContainer.java:1562) ~[spring-rabbit-3.0.4.jar:3.0.4]
	at org.springframework.amqp.rabbit.listener.AbstractMessageListenerContainer.lambda$executeListener$8(AbstractMessageListenerContainer.java:1541) ~[spring-rabbit-3.0.4.jar:3.0.4]
	at io.micrometer.observation.Observation.lambda$observe$0(Observation.java:493) ~[micrometer-observation-1.11.0.jar:1.11.0]
	at io.micrometer.observation.Observation.observeWithContext(Observation.java:603) ~[micrometer-observation-1.11.0.jar:1.11.0]
	at io.micrometer.observation.Observation.observe(Observation.java:492) ~[micrometer-observation-1.11.0.jar:1.11.0]
	at org.springframework.amqp.rabbit.listener.AbstractMessageListenerContainer.executeListener(AbstractMessageListenerContainer.java:1541) ~[spring-rabbit-3.0.4.jar:3.0.4]
[...]
	at org.springframework.util.MethodInvoker.invoke(MethodInvoker.java:283) ~[spring-core-6.0.9.jar:6.0.9]
	at org.springframework.amqp.rabbit.listener.adapter.MessageListenerAdapter.invokeListenerMethod(MessageListenerAdapter.java:366) ~[spring-rabbit-3.0.4.jar:3.0.4]
	... 16 common frames omitted

Message received: {body={"mapType":"class java.util.HashMap","empty":false}, operation=SAVE}
2023-08-04T21:43:33.519-04:00  WARN 4865 --- [    container-1] org.elasticsearch.client.RestClient      : request [HEAD http://localhost:9200/plan-index?ignore_throttled=false&ignore_unavailable=false&expand_wildcards=open%2Cclosed&allow_no_indices=false] returned 2 warnings: [299 Elasticsearch-7.17.12-e3b0c3d3c5c130e1dc6d567d6baef1c73eeb2059 "Elasticsearch built-in security features are not enabled. Without authentication, your cluster could be accessible to anyone. See https://www.elastic.co/guide/en/elasticsearch/reference/7.17/security-minimal-setup.html to enable security."],[299 Elasticsearch-7.17.12-e3b0c3d3c5c130e1dc6d567d6baef1c73eeb2059 "[ignore_throttled] parameter is deprecated because frozen indices have been deprecated. Consider cold or frozen tiers in place of frozen indices."]
2023-08-04T21:43:33.519-04:00  WARN 4865 --- [    container-1] s.a.r.l.ConditionalRejectingErrorHandler : Execution of Rabbit message listener failed.

org.springframework.amqp.rabbit.support.ListenerExecutionFailedException: Listener method 'receiveMessage' threw exception
	at org.springframework.amqp.rabbit.listener.adapter.MessageListenerAdapter.invokeListenerMethod(MessageListenerAdapter.java:374) ~[spring-rabbit-3.0.4.jar:3.0.4]
	at org.springframework.amqp.rabbit.listener.adapter.MessageListenerAdapter.onMessage(MessageListenerAdapter.java:293) ~[spring-rabbit-3.0.4.jar:3.0.4]
	at org.springframework.amqp.rabbit.listener.AbstractMessageListenerContainer.doInvokeListener(AbstractMessageListenerContainer.java:1719) ~[spring-rabbit-3.0.4.jar:3.0.4]
	at org.springframework.amqp.rabbit.listener.AbstractMessageListenerContainer.actualInvokeListener(AbstractMessageListenerContainer.java:1638) ~[spring-rabbit-3.0.4.jar:3.0.4]
	at org.springframework.amqp.rabbit.listener.AbstractMessageListenerContainer.invokeListener(AbstractMessageListenerContainer.java:1626) ~[spring-rabbit-3.0.4.jar:3.0.4]
	at org.springframework.amqp.rabbit.listener.AbstractMessageListenerContainer.doExecuteListener(AbstractMessageListenerContainer.java:1617) ~[spring-rabbit-3.0.4.jar:3.0.4]
	at org.springframework.amqp.rabbit.listener.AbstractMessageListenerContainer.executeListenerAndHandleException(AbstractMessageListenerContainer.java:1562) ~[spring-rabbit-3.0.4.jar:3.0.4]
	at org.springframework.amqp.rabbit.listener.AbstractMessageListenerContainer.lambda$executeListener$8(AbstractMessageListenerContainer.java:1541) ~[spring-rabbit-3.0.4.jar:3.0.4]
	at io.micrometer.observation.Observation.lambda$observe$0(Observation.java:493) ~[micrometer-observation-1.11.0.jar:1.11.0]
	at io.micrometer.observation.Observation.observeWithContext(Observation.java:603) ~[micrometer-observation-1.11.0.jar:1.11.0]
	at io.micrometer.observation.Observation.observe(Observation.java:492) ~[micrometer-observation-1.11.0.jar:1.11.0]
	at org.springframework.amqp.rabbit.listener.AbstractMessageListenerContainer.executeListener(AbstractMessageListenerContainer.java:1541) ~[spring-rabbit-3.0.4.jar:3.0.4]
	at org.springframework.amqp.rabbit.listener.SimpleMessageListenerContainer.doReceiveAndExecute(SimpleMessageListenerContainer.java:1001) ~[spring-rabbit-3.0.4.jar:3.0.4]
	at org.springframework.amqp.rabbit.listener.SimpleMessageListenerContainer.receiveAndExecute(SimpleMessageListenerContainer.java:948) ~[spring-rabbit-3.0.4.jar:3.0.4]
	at org.springframework.amqp.rabbit.listener.SimpleMessageListenerContainer$AsyncMessageProcessingConsumer.mainLoop(SimpleMessageListenerContainer.java:1326) ~[spring-rabbit-3.0.4.jar:3.0.4]
	at org.springframework.amqp.rabbit.listener.SimpleMessageListenerContainer$AsyncMessageProcessingConsumer.run(SimpleMessageListenerContainer.java:1232) ~[spring-rabbit-3.0.4.jar:3.0.4]
	at java.base/java.lang.Thread.run(Thread.java:1589) ~[na:na]
Caused by: org.json.JSONException: No value for objectType
	at org.json.JSONObject.get(JSONObject.java:355) ~[android-json-0.0.20131108.vaadin1.jar:0.0.20131108.vaadin1]
	at edu.neu.info5.DemoApplication.service.IndexingListener.convertMapToDocumentIndex(IndexingListener.java:152) ~[classes/:na]
	at edu.neu.info5.DemoApplication.service.IndexingListener.postDocument(IndexingListener.java:73) ~[classes/:na]
	at edu.neu.info5.DemoApplication.service.IndexingListener.receiveMessage(IndexingListener.java:51) ~[classes/:na]
	at java.base/jdk.internal.reflect.DirectMethodHandleAccessor.invoke(DirectMethodHandleAccessor.java:104) ~[na:na]
	at java.base/java.lang.reflect.Method.invoke(Method.java:578) ~[na:na]
	at org.springframework.util.MethodInvoker.invoke(MethodInvoker.java:283) ~[spring-core-6.0.9.jar:6.0.9]
	at org.springframework.amqp.rabbit.listener.adapter.MessageListenerAdapter.invokeListenerMethod(MessageListenerAdapter.java:366) ~[spring-rabbit-3.0.4.jar:3.0.4]
	... 16 common frames omitted

Message received: {body={"mapType":"class java.util.HashMap","empty":false}, operation=SAVE}
2023-08-04T21:43:33.522-04:00  WARN 4865 --- [    container-1] org.elasticsearch.client.RestClient      : request [HEAD http://localhost:9200/plan-index?ignore_throttled=false&ignore_unavailable=false&expand_wildcards=open%2Cclosed&allow_no_indices=false] returned 2 warnings: [299 Elasticsearch-7.17.12-e3b0c3d3c5c130e1dc6d567d6baef1c73eeb2059 "Elasticsearch built-in security features are not enabled. Without authentication, your cluster could be accessible to anyone. See https://www.elastic.co/guide/en/elasticsearch/reference/7.17/security-minimal-setup.html to enable security."],[299 Elasticsearch-7.17.12-e3b0c3d3c5c130e1dc6d567d6baef1c73eeb2059 "[ignore_throttled] parameter is deprecated because frozen indices have been deprecated. Consider cold or frozen tiers in place of frozen indices."]
2023-08-04T21:43:33.522-04:00  WARN 4865 --- [    container-1] s.a.r.l.ConditionalRejectingErrorHandler : Execution of Rabbit message listener failed.

org.springframework.amqp.rabbit.support.ListenerExecutionFailedException: Listener method 'receiveMessage' threw exception
	at org.springframework.amqp.rabbit.listener.adapter.MessageListenerAdapter.invokeListenerMethod(MessageListenerAdapter.java:374) ~[spring-rabbit-3.0.4.jar:3.0.4]
	at org.springframework.amqp.rabbit.listener.adapter.MessageListenerAdapter.onMessage(MessageListenerAdapter.java:293) ~[spring-rabbit-3.0.4.jar:3.0.4]
	at org.springframework.amqp.rabbit.listener.AbstractMessageListenerContainer.doInvokeListener(AbstractMessageListenerContainer.java:1719) ~[spring-rabbit-3.0.4.jar:3.0.4]
	at org.springframework.amqp.rabbit.listener.AbstractMessageListenerContainer.actualInvokeListener(AbstractMessageListenerContainer.java:1638) ~[spring-rabbit-3.0.4.jar:3.0.4]
	at org.springframework.amqp.rabbit.listener.AbstractMessageListenerContainer.invokeListener(AbstractMessageListenerContainer.java:1626) ~[spring-rabbit-3.0.4.jar:3.0.4]
	at org.springframework.amqp.rabbit.listener.AbstractMessageListenerContainer.doExecuteListener(AbstractMessageListenerContainer.java:1617) ~[spring-rabbit-3.0.4.jar:3.0.4]
	at org.springframework.amqp.rabbit.listener.AbstractMessageListenerContainer.executeListenerAndHandleException(AbstractMessageListenerContainer.java:1562) ~[spring-rabbit-3.0.4.jar:3.0.4]
	at org.springframework.amqp.rabbit.listener.AbstractMessageListenerContainer.lambda$executeListener$8(AbstractMessageListenerContainer.java:1541) ~[spring-rabbit-3.0.4.jar:3.0.4]
	at io.micrometer.observation.Observation.lambda$observe$0(Observation.java:493) ~[micrometer-observation-1.11.0.jar:1.11.0]
	at io.micrometer.observation.Observation.observeWithContext(Observation.java:603) ~[micrometer-observation-1.11.0.jar:1.11.0]
	at io.micrometer.observation.Observation.observe(Observation.java:492) ~[micrometer-observation-1.11.0.jar:1.11.0]
	at org.springframework.amqp.rabbit.listener.AbstractMessageListenerContainer.executeListener(AbstractMessageListenerContainer.java:1541) ~[spring-rabbit-3.0.4.jar:3.0.4]
	at org.springframework.amqp.rabbit.listener.SimpleMessageListenerContainer.doReceiveAndExecute(SimpleMessageListenerContainer.java:1001) ~[spring-rabbit-3.0.4.jar:3.0.4]
	at org.springframework.amqp.rabbit.listener.SimpleMessageListenerContainer.receiveAndExecute(SimpleMessageListenerContainer.java:948) ~[spring-rabbit-3.0.4.jar:3.0.4]
	at org.springframework.amqp.rabbit.listener.SimpleMessageListenerContainer$AsyncMessageProcessingConsumer.mainLoop(SimpleMessageListenerContainer.java:1326) ~[spring-rabbit-3.0.4.jar:3.0.4]
	at org.springframework.amqp.rabbit.listener.SimpleMessageListenerContainer$AsyncMessageProcessingConsumer.run(SimpleMessageListenerContainer.java:1232) ~[spring-rabbit-3.0.4.jar:3.0.4]
	at java.base/java.lang.Thread.run(Thread.java:1589) ~[na:na]
Caused by: org.json.JSONException: No value for objectType
	at org.json.JSONObject.get(JSONObject.java:355) ~[android-json-0.0.20131108.vaadin1.jar:0.0.20131108.vaadin1]
	at edu.neu.info5.DemoApplication.service.IndexingListener.convertMapToDocumentIndex(IndexingListener.java:152) ~[classes/:na]
	at edu.neu.info5.DemoApplication.service.IndexingListener.postDocument(IndexingListener.java:73) ~[classes/:na]
	at edu.neu.info5.DemoApplication.service.IndexingListener.receiveMessage(IndexingListener.java:51) ~[classes/:na]
	at java.base/jdk.internal.reflect.DirectMethodHandleAccessor.invoke(DirectMethodHandleAccessor.java:104) ~[na:na]
	at java.base/java.lang.reflect.Method.invoke(Method.java:578) ~[na:na]
	at org.springframework.util.MethodInvoker.invoke(MethodInvoker.java:283) ~[spring-core-6.0.9.jar:6.0.9]
	at org.springframework.amqp.rabbit.listener.adapter.MessageListenerAdapter.invokeListenerMethod(MessageListenerAdapter.java:366) ~[spring-rabbit-3.0.4.jar:3.0.4]
	... 16 common frames omitted

Message received: {body={"mapType":"class java.util.HashMap","empty":false}, operation=SAVE}
2023-08-04T21:43:33.527-04:00  WARN 4865 --- [    container-1] org.elasticsearch.client.RestClient      : request [HEAD http://localhost:9200/plan-index?ignore_throttled=false&ignore_unavailable=false&expand_wildcards=open%2Cclosed&allow_no_indices=false] returned 2 warnings: [299 Elasticsearch-7.17.12-e3b0c3d3c5c130e1dc6d567d6baef1c73eeb2059 "Elasticsearch built-in security features are not enabled. Without authentication, your cluster could be accessible to anyone. See https://www.elastic.co/guide/en/elasticsearch/reference/7.17/security-minimal-setup.html to enable security."],[299 Elasticsearch-7.17.12-e3b0c3d3c5c130e1dc6d567d6baef1c73eeb2059 "[ignore_throttled] parameter is deprecated because frozen indices have been deprecated. Consider cold or frozen tiers in place of frozen indices."]
2023-08-04T21:43:33.528-04:00  WARN 4865 --- [    container-1] s.a.r.l.ConditionalRejectingErrorHandler : Execution of Rabbit message listener failed.

org.springframework.amqp.rabbit.support.ListenerExecutionFailedException: Listener method 'receiveMessage' threw exception
	at org.springframework.amqp.rabbit.listener.adapter.MessageListenerAdapter.invokeListenerMethod(MessageListenerAdapter.java:374) ~[spring-rabbit-3.0.4.jar:3.0.4]
	at org.springframework.amqp.rabbit.listener.adapter.MessageListenerAdapter.onMessage(MessageListenerAdapter.java:293) ~[spring-rabbit-3.0.4.jar:3.0.4]
	at org.springframework.amqp.rabbit.listener.AbstractMessageListenerContainer.doInvokeListener(AbstractMessageListenerContainer.java:1719) ~[spring-rabbit-3.0.4.jar:3.0.4]
	at org.springframework.amqp.rabbit.listener.AbstractMessageListenerContainer.actualInvokeListener(AbstractMessageListenerContainer.java:1638) ~[spring-rabbit-3.0.4.jar:3.0.4]
	at org.springframework.amqp.rabbit.listener.AbstractMessageListenerContainer.invokeListener(AbstractMessageListenerContainer.java:1626) ~[spring-rabbit-3.0.4.jar:3.0.4]
	at org.springframework.amqp.rabbit.listener.AbstractMessageListenerContainer.doExecuteListener(AbstractMessageListenerContainer.java:1617) ~[spring-rabbit-3.0.4.jar:3.0.4]
	at org.springframework.amqp.rabbit.listener.AbstractMessageListenerContainer.executeListenerAndHandleException(AbstractMessageListenerContainer.java:1562) ~[spring-rabbit-3.0.4.jar:3.0.4]
	at org.springframework.amqp.rabbit.listener.AbstractMessageListenerContainer.lambda$executeListener$8(AbstractMessageListenerContainer.java:1541) ~[spring-rabbit-3.0.4.jar:3.0.4]
	at io.micrometer.observation.Observation.lambda$observe$0(Observation.java:493) ~[micrometer-observation-1.11.0.jar:1.11.0]
	at io.micrometer.observation.Observation.observeWithContext(Observation.java:603) ~[micrometer-observation-1.11.0.jar:1.11.0]
	at io.micrometer.observation.Observation.observe(Observation.java:492) ~[micrometer-observation-1.11.0.jar:1.11.0]
	at org.springframework.amqp.rabbit.listener.AbstractMessageListenerContainer.executeListener(AbstractMessageListenerContainer.java:1541) ~[spring-rabbit-3.0.4.jar:3.0.4]
	at org.springframework.amqp.rabbit.listener.SimpleMessageListenerContainer.doReceiveAndExecute(SimpleMessageListenerContainer.java:1001) ~[spring-rabbit-3.0.4.jar:3.0.4]
	at org.springframework.amqp.rabbit.listener.SimpleMessageListenerContainer.receiveAndExecute(SimpleMessageListenerContainer.java:948) ~[spring-rabbit-3.0.4.jar:3.0.4]
	at org.springframework.amqp.rabbit.listener.SimpleMessageListenerContainer$AsyncMessageProcessingConsumer.mainLoop(SimpleMessageListenerContainer.java:1326) ~[spring-rabbit-3.0.4.jar:3.0.4]
	at org.springframework.amqp.rabbit.listener.SimpleMessageListenerContainer$AsyncMessageProcessingConsumer.run(SimpleMessageListenerContainer.java:1232) ~[spring-rabbit-3.0.4.jar:3.0.4]
	at java.base/java.lang.Thread.run(Thread.java:1589) ~[na:na]
Caused by: org.json.JSONException: No value for objectType
	at org.json.JSONObject.get(JSONObject.java:355) ~[android-json-0.0.20131108.vaadin1.jar:0.0.20131108.vaadin1]
	at edu.neu.info5.DemoApplication.service.IndexingListener.convertMapToDocumentIndex(IndexingListener.java:152) ~[classes/:na]
	at edu.neu.info5.DemoApplication.service.IndexingListener.postDocument(IndexingListener.java:73) ~[classes/:na]
	at edu.neu.info5.DemoApplication.service.IndexingListener.receiveMessage(IndexingListener.java:51) ~[classes/:na]
	at java.base/jdk.internal.reflect.DirectMethodHandleAccessor.invoke(DirectMethodHandleAccessor.java:104) ~[na:na]
	at java.base/java.lang.reflect.Method.invoke(Method.java:578) ~[na:na]
	at org.springframework.util.MethodInvoker.invoke(MethodInvoker.java:283) ~[spring-core-6.0.9.jar:6.0.9]
	at org.springframework.amqp.rabbit.listener.adapter.MessageListenerAdapter.invokeListenerMethod(MessageListenerAdapter.java:366) ~[spring-rabbit-3.0.4.jar:3.0.4]
	... 16 common frames omitted

Message received: {body={"mapType":"class java.util.HashMap","empty":false}, operation=SAVE}
2023-08-04T21:43:33.531-04:00  WARN 4865 --- [    container-1] org.elasticsearch.client.RestClient      : request [HEAD http://localhost:9200/plan-index?ignore_throttled=false&ignore_unavailable=false&expand_wildcards=open%2Cclosed&allow_no_indices=false] returned 2 warnings: [299 Elasticsearch-7.17.12-e3b0c3d3c5c130e1dc6d567d6baef1c73eeb2059 "Elasticsearch built-in security features are not enabled. Without authentication, your cluster could be accessible to anyone. See https://www.elastic.co/guide/en/elasticsearch/reference/7.17/security-minimal-setup.html to enable security."],[299 Elasticsearch-7.17.12-e3b0c3d3c5c130e1dc6d567d6baef1c73eeb2059 "[ignore_throttled] parameter is deprecated because frozen indices have been deprecated. Consider cold or frozen tiers in place of frozen indices."]
2023-08-04T21:43:33.531-04:00  WARN 4865 --- [    container-1] s.a.r.l.ConditionalRejectingErrorHandler : Execution of Rabbit message listener failed.

org.springframework.amqp.rabbit.support.ListenerExecutionFailedException: Listener method 'receiveMessage' threw exception
	at org.springframework.amqp.rabbit.listener.adapter.MessageListenerAdapter.invokeListenerMethod(MessageListenerAdapter.java:374) ~[spring-rabbit-3.0.4.jar:3.0.4]
	at org.springframework.amqp.rabbit.listener.adapter.MessageListenerAdapter.onMessage(MessageListenerAdapter.java:293) ~[spring-rabbit-3.0.4.jar:3.0.4]
	at org.springframework.amqp.rabbit.listener.AbstractMessageListenerContainer.doInvokeListener(AbstractMessageListenerContainer.java:1719) ~[spring-rabbit-3.0.4.jar:3.0.4]
	at org.springframework.amqp.rabbit.listener.AbstractMessageListenerContainer.actualInvokeListener(AbstractMessageListenerContainer.java:1638) ~[spring-rabbit-3.0.4.jar:3.0.4]
	at org.springframework.amqp.rabbit.listener.AbstractMessageListenerContainer.invokeListener(AbstractMessageListenerContainer.java:1626) ~[spring-rabbit-3.0.4.jar:3.0.4]
	at org.springframework.amqp.rabbit.listener.AbstractMessageListenerContainer.doExecuteListener(AbstractMessageListenerContainer.java:1617) ~[spring-rabbit-3.0.4.jar:3.0.4]
	at org.springframework.amqp.rabbit.listener.AbstractMessageListenerContainer.executeListenerAndHandleException(AbstractMessageListenerContainer.java:1562) ~[spring-rabbit-3.0.4.jar:3.0.4]
	at org.springframework.amqp.rabbit.listener.AbstractMessageListenerContainer.lambda$executeListener$8(AbstractMessageListenerContainer.java:1541) ~[spring-rabbit-3.0.4.jar:3.0.4]
	at io.micrometer.observation.Observation.lambda$observe$0(Observation.java:493) ~[micrometer-observation-1.11.0.jar:1.11.0]
	at io.micrometer.observation.Observation.observeWithContext(Observation.java:603) ~[micrometer-observation-1.11.0.jar:1.11.0]
	at io.micrometer.observation.Observation.observe(Observation.java:492) ~[micrometer-observation-1.11.0.jar:1.11.0]
	at org.springframework.amqp.rabbit.listener.AbstractMessageListenerContainer.executeListener(AbstractMessageListenerContainer.java:1541) ~[spring-rabbit-3.0.4.jar:3.0.4]
	at org.springframework.amqp.rabbit.listener.SimpleMessageListenerContainer.doReceiveAndExecute(SimpleMessageListenerContainer.java:1001) ~[spring-rabbit-3.0.4.jar:3.0.4]
	at org.springframework.amqp.rabbit.listener.SimpleMessageListenerContainer.receiveAndExecute(SimpleMessageListenerContainer.java:948) ~[spring-rabbit-3.0.4.jar:3.0.4]
	at org.springframework.amqp.rabbit.listener.SimpleMessageListenerContainer$AsyncMessageProcessingConsumer.mainLoop(SimpleMessageListenerContainer.java:1326) ~[spring-rabbit-3.0.4.jar:3.0.4]
	at org.springframework.amqp.rabbit.listener.SimpleMessageListenerContainer$AsyncMessageProcessingConsumer.run(SimpleMessageListenerContainer.java:1232) ~[spring-rabbit-3.0.4.jar:3.0.4]
	at java.base/java.lang.Thread.run(Thread.java:1589) ~[na:na]
Caused by: org.json.JSONException: No value for objectType
	at org.json.JSONObject.get(JSONObject.java:355) ~[android-json-0.0.20131108.vaadin1.jar:0.0.20131108.vaadin1]
	at edu.neu.info5.DemoApplication.service.IndexingListener.convertMapToDocumentIndex(IndexingListener.java:152) ~[classes/:na]
	at edu.neu.info5.DemoApplication.service.IndexingListener.postDocument(IndexingListener.java:73) ~[classes/:na]
	at edu.neu.info5.DemoApplication.service.IndexingListener.receiveMessage(IndexingListener.java:51) ~[classes/:na]
	at java.base/jdk.internal.reflect.DirectMethodHandleAccessor.invoke(DirectMethodHandleAccessor.java:104) ~[na:na]
	at java.base/java.lang.reflect.Method.invoke(Method.java:578) ~[na:na]
	at org.springframework.util.MethodInvoker.invoke(MethodInvoker.java:283) ~[spring-core-6.0.9.jar:6.0.9]
	at org.springframework.amqp.rabbit.listener.adapter.MessageListenerAdapter.invokeListenerMethod(MessageListenerAdapter.java:366) ~[spring-rabbit-3.0.4.jar:3.0.4]
	... 16 common frames omitted

Message received: {body={"mapType":"class java.util.HashMap","empty":false}, operation=SAVE}
]]></system-out>
  </testcase>
</testsuite>